“We believe, as the time draws near, the Lord will hasten his work, and nations will soon be gathered into the fold for Christ.”  – Brigham Young, Millenial Star
“The outlook for the world is not encouraging, but we know what the answer is. There is only one answer, and that is the gospel of Jesus Christ.”  – Ezra Taft Benson, General Conference
“After all that has been said, the greatest and most important duty is to preach the Gospel.”  – Joseph Smith
“Missionary work is an identifying feature of The Church of Jesus Christ of Latter-day Saints. Always has it been; ever shall it be.”  – Thomas S. Monson, General Conference
“If civilization is to survive, we must cultivate the science of human relationships-the ability of all people, of all kinds, to live together, in the same world at peace.”  – Franklin D. Roosevelt, Great Quotes from Great Leaders
“The doors of wisdom are never shut.”  – Benjamin Franklin, Great Quotes from Great Leaders
“An unprecedented wave of enthusiasm for missionary work is sweeping the entire earth. It is not man-made! It comes from the Lord, who said, “I will hasten my work in its time” (D&C 88:73).”  – Russell M. Nelson, General Conference
“If you’re not a full-time missionary with a missionary badge pinned on your coat, now is the time to paint one on your heart.”  – Neil L. Andersen, General Conference
“Dedicated missionary service returns a dividend of eternal joy which extends throughout mortality and into eternity.”  – Thomas S. Monson, General Conference
“Heavenly Father loves you—each of you. That love never changes.”  – Thomas S. Monson
“Do you want to be happy? Forget yourself and get lost in this great cause.”  – Gordon B. Hinckley, Teachings of Gordon B. Hinckley
“Clean, clear, bright-eyed missionaries, laboring two-by-two, have become a living symbol of this Church everywhere. They themselves are the first gospel message their investigators encounter—and what a message that is.”  – Jeffrey R. Holland, General Conference
“Missionary work is a manifestation of our spiritual identity and heritage. We were foreordained in the premortal existence and born into mortality to fulfill the covenant and promise God made to Abraham. We are here upon the earth at this time to magnify the priesthood and to preach the gospel. That is who we are, and that is why we are here – today and always.”  – David A. Bednar, General Conference
“When we give each other Christmas gifts in His name, let us remember that He has given us the sun and the moon and the stars, and the earth with its forests and mountains and oceans--and all that lives and move upon them.  He has given us all green things and everything that blossoms and bears fruit and all that we quarrel about and all that we have misused--and to save us from our foolishness, from all our sins, He came down to earth and gave us Himself.”  – Sigrid Undset, Goodreads.com
“The ultimate reason for setting goals is to entice you to become the person it takes to achieve them.”  – Jim Rohn, Regional Representatives Seminar
“The only limit to our realization of tomorrow will be our doubts of today.”  – Franklin D. Roosevelt, Great Quotes from Great Leaders
“Youth of the Church, the world is in need of your help. There are feet to steady, hands to grasp, minds to encourage, hearts to inspire, and souls to save. The harvest truly is great. Let there be no mistake about it; the missionary opportunity of a lifetime is yours.”  – Thomas S. Monson, Ensign
“This isn't missionary work. This is missionary fun.”  – Neil L. Andersen, General Conference
“We must develop the capacity to see men not as they are at present but as they may become.”  – Thomas S. Monson, General Conference
“May the message of the restored gospel go forward in great force, by increasing numbers, that God’s children may escape the calamities which are impending.”  – Ezra Taft Benson, General Conference
“Christmas renews our youth by stirring our wonder.  The capacity for wonder has been called our most pregnant human faculty, for in it are born our art, our science, our religion.”  – Ralph Sockman, About.com
“Combined with the Spirit of the Lord, the Book of Mormon is the greatest single tool which God has given us to convert the  – Ezra Taft Benson, "A New Witness for Christ, Ensign, Nov. 1984
“There are others whose lives are blessed when a missionary serves, such as the members of his family who . . . support him, pray for him, and try to live worthy of him.”  – Gordon B. Hinckley
“Christmas, children, is not a date. It is a state of mind.”  – Mary Ellen Chase, Goodreads.com
“I will honor Christmas in my heart, and try to keep it all the year.”  – Charles Dickens, Goodreads.com
“Christmas doesn't come from a store, maybe Christmas perhaps means a little bit more. . . .”  – Dr. Seuss, How the Grinch Stole Christmas
“Work is hard. Distractions are plentiful. And time is short.”  – Adam Hochschild, The Miracle of Forgiveness
“Yesterday is but a dream, tomorrow is but a vision. But today well lived makes every yesterday a dream of happiness and every tomorrow a vision of hope. Look well, therefore, to this day.”  – Sanscrit Proverb, Regional Representatives' Seminar
“If the ladder is not leaning against the right wall, every step we take just gets us to the wrong place faster.”  – Stephen R. Covey, Regional Representatives' Seminar
“The surest step toward joy in the morning is virtue in the evening.”  – Russell M. Nelson, Ensign
“Not everything that counts can be counted, and not everything that can be counted counts.”  – Albert Einstein, Ensign
“From the errors of others a wise man corrects his own.”  – Publius Syrus, Ensign
“The deeper we search, the more we find there is to know, and as long as human life exists I believe that it will always be so.”  – Albert Einstein, Journal of Discourses
“Vice is ignorance. Virtue is knowledge.”  – Plato, Journal of Discourses
“We can easily forgive a child who is afraid of the dark; the real tragedy of life is when men are afraid of the light.”  – Plato, Journal of Discourses
“Put forth your ability to learn as fast as you can, and gather all the strength of mind and principle of faith you possibly can, and then distribute your knowledge to the people.”  – Brigham Young, Journal of Discourses
“The person who knows 'how' will always have a job. The person who knows 'why' will always be his boss.”  – Diane Ravitch, CR
“Those who cannot remember the past are condemned to repeat it.”  – George Santayana, CR
“It isn't what the book costs; it's what it will cost if you don't read it.”  – Jim Rohn, CR
“Miss a meal if you have to, but don't miss a book.”  – Jim Rohn, CR
“I had six honest serving men. They taught me all I knew. Their names were: Where, What, When; Why, How and Who.”  – Rudyard Kipling, CR
“I believe enduring love is primarily a commitment and an act of will, and for a marriage to be successful, that commitment must be reciprocal.”  – Jennifer Sullivan Sanford
“Moral courage is the most valuable and usually the most absent characteristic in men.”  – George S. Patton, Great Quotes from Great Leaders
“Be courteous to all, but intimate with few, and let those few be well tried before you give them your confidence.”  – George Washington, Great Quotes from Great Leaders
“Saying I love You is the best way to comfort SOMEONE.”  – analiza temperatura, The Book of Mormon
“Our message is so imperative, when you stop to think that the salvation, the eternal salvation of the world, rests upon the shoulders of this Church. When all is said and done, if the world is going to be saved, we have to do it. There is no escaping from that. No other people in the history of the world have received the kind of mandate that we have received. We are responsible for all who have lived upon the earth. That involves our family history and temple work. We are responsible for all who now live upon the earth, and that involves our missionary work. And we are going to be responsible for all who will yet live upon the earth.”  – Gordon B. Hinckley, Church News
“[Do] we want our homes to be happy[?] If we do, let them be the abiding place of prayer, thanksgiving and gratitude.”  – George Albert Smith, General Conference
“Though we may feel we are "like a broken vessel," . . . we must remember, that vessel is in the hands of the divine potter.”  – Jeffrey R. Holland, General Conference
“Be believing. Be happy. Don’t get discouraged. Things will work out.”  – Gordon B. Hinckley, Ensign
“Heavenly Father loves you—each of you. That love never changes.”  – Thomas S. Monson, Ensign
