“Do you wish to be great? Then begin by being. Do you desire to construct a vast and lofty fabric? Think first about the foundation of humility. The higher your structure is to be, the deeper must be its foundation.”  – Saint Augustine, Complete Sherlock Holmes
“Unless humility precede, accompany, and follow up all the good we accomplish, unless we keep our eyes fixed on it, pride will snatch everything right out of our hands.”  – Saint Augustine, Complete Sherlock Holmes
“The charity that hastens to proclaim its good deeds, ceases to be charity, and is only pride and ostentation.”  – William Hutton, Complete Sherlock Holmes
“I weigh the man, not his title; 'tis not the king's stamp can make the metal better.”  – William Wycherley, Complete Sherlock Holmes
“If we really think that home is elsewhere and that this life is a 'wandering to find home,' why should we not look forward to the arrival?”  – C. S. Lewis, Complete Sherlock Holmes
“All of us have mortal bodies, composed of perishable matter, but the soul lives forever.”  – Flavius Josephus, Complete Sherlock Holmes
“Life is the childhood of our immortality”  – Johann Wolfgang von Goethe, Complete Sherlock Holmes
“In all we do we must cultivate faith. Increased faith is the touchstone to improved church performance.”  – Gordon B. Hinckley, Ensign
“My father used to say: 'The true way to honor the past is to improve upon it.'”  – N. Eldon Tanner, Ensign
“You have to do your own growing no matter how tall your grandfather was.”  – Abraham Lincoln, Ensign
“Bureaucracy is the death of any achievement.”  – Albert Einstein, Ensign
“The problems that exist in the world today cannot be solved by the level of thinking that created them.”  – Albert Einstein, Ensign
“There is only one corner of the universe you can be certain of improving and that's your own self.”  – Aldous Huxley, Ensign
“A man should never be ashamed to own that he has been in the wrong, which is but saying... that he is wiser today than he was yesterday.”  – Alexander Pope, Ensign
“When you blame others you give up your power to change.”  – Anonymous, Ensign
“A sound discretion is not so much indicated by never making a mistake as by never repeating it.”  – Bovee, Ensign
“No one lives long enough to learn everything they need to learn starting from scratch. To be successful, we absolutely, positively have to find people who have already paid the price to learn the things that we need to learn to achieve our goals.”  – Brian Tracy, Ensign
“There are countless ways of attaining greatness, but any road to reaching one's maximum potential must be built on a bedrock of respect for the individual, a commitment to excellence, and a rejection of mediocrity.”  – Buck Rodgers, Ensign
“You are the same today that you are going to be five years from now except for two things: the people with whom you associate and the books you read.”  – Charles Jones, Ensign
“There are no secrets to success: Don't waste time looking for them. Success is the result of perfection, hard work, learning from failure, loyalty to those for who you work, and persistence.”  – Colin Powell, Ensign
“The successful man will profit from his mistakes and try again in a different way.”  – Dale Carnegie, Ensign
“If you really want to make a difference, stand up for an unpopular cause.”  – Edward Asner, Ensign
“A study compared the personal qualities of people whose performance is so extraordinary we call them 'geniuses'. Geniuses were found to have three traits in common:  – Floyd Maxwell, Ensign
“The whole history of the progress of human liberty shows that all concessions yet made to her august claims have been born of earnest struggle. If there is no struggle, there is no progress. Those who profess to favor freedom, and yet deprecate agitation, are men who want crops without plowing up the ground, they want rain without thunder and lightning. They want the ocean without the awful roar of its many waters.”  – Frederick Douglass, Ensign
“Decisions determine destiny.”  – Frederick Speakman, Ensign
“Realists do not fear the results of their study.”  – Fyodor Dostoyevsky, Ensign
“If we don't change, we don't grow. If we don't grow we are not really living. Growth demands a temporary surrender of security. It may mean a giving up of familiar but limiting patterns, safe but unrewarding work, values no longer believed in. As Dostoevsky put it, 'Taking a new step, uttering a new word, is what people fear most.'”  – Gail Sheehy, Ensign
“There are no secrets to success. It is the result of preparation, hard work, learning from failure.”  – Colin Powell, Ensign
“Progress is impossible without change, and those who cannot change their minds cannot change anything.”  – George Bernard Shaw, Ensign
“To see what is in front of one's nose requires a constant struggle.”  – George Orwell, Ensign
“When we blame, we give away our power.”  – Greg Anderson, Ensign
“Anyone who stops learning is old, whether at twenty or eighty. Anyone who keeps learning stays young. The greatest thing in life is to keep your mind young.”  – Henry Ford, Ensign
“Hold yourself responsible for a higher standard than anybody else expects of you. Never excuse yourself. Never pity yourself. Be a hard master to yourself - and be lenient to everybody else.”  – Henry Ward Beecher, Ensign
“It is one of the severest tests of friendship to tell your friend his faults. So to love a man that you cannot bear to see a stain upon him and to speak painful truth through loving words, that is friendship.”  – Henry Ward Beecher, Ensign
“The past cannot be changed. The future is still in your power.”  – Hugh White, Ensign
“Enlightenment is man's emergence from his self-imposed immaturity. Immaturity is the inability to use one's understanding without guidance from another. This immaturity is self-imposed when its cause lies not in the lack of understanding, but in the lack of resolve and courage to use it without guidance from another. Have courage to use your own understanding!”  – Immanuel Kant, Ensign
“Not everything that is faced can be changed, but nothing can be changed until it is faced.”  – James Baldwin, Ensign
“At the end of each day, you should play back the tapes of your performance. The results should either applaud you or prod you.”  – Jim Rohn, Ensign
“I used to say, 'I sure hope things will change.' Then I learned that the only way things are going to change for me is when I change.”  – Jim Rohn, Ensign
“Learn how to turn frustration into fascination. You will learn more being fascinated by life than you will by being frustrated.”  – Jim Rohn, Ensign
“Life asked you to make measurable progress in reasonable time. That's why they make those fourth grade chairs so small - so you won't fit in them at age twenty-five.”  – Jim Rohn, Ensign
“One of the best places to start to turn your life around is by doing whatever appears on your mental 'I should' list.”  – Jim Rohn, Ensign
“We generally change ourselves for one of two reasons: inspiration or desperation.”  – Jim Rohn, Ensign
“He who moves not forward, goes backward.”  – Johann Wolfgang von Goethe, Ensign
“The time to repair the roof is when the sun is shining.”  – John F. Kennedy, Ensign
“A noble man compares and estimates himself by an idea which is higher than himself; and a mean man, by one lower than himself. The one produces aspiration; the other ambition, which is the way in which a vulgar man aspires.”  – Joseph Conrad, Ensign
“Life can be real rough...you can either learn from your problems, or keep repeating them over and over.”  – Marie Osmond, Ensign
“In the end, it is important to remember that we cannot become what we need to be by remaining what we are.”  – Max De Pree, Ensign
“Never walk away from failure. On the contrary, study it carefully -- and imaginatively -- for its hidden assets.”  – Michael Korda, Ensign
“My philosophy is that not only are you responsible for your life, but doing the best at this moment puts you in the best place for the next moment.”  – Oprah Winfrey, Ensign
