“The commonest form, one of the most often neglected, and safest opportunity for the average man to seize, is hard work.”  – Arthur Brisbane, The Missionary's Little Quote Book
“Great men think of opportunity, not time. Time is the excuse of feeble and puzzled spirits.”  – Benjamin Disraeli, The Missionary's Little Quote Book
“Man is not a creature of circumstances. Circumstances are the creatures of men.”  – Benjamin Disraeli, The Missionary's Little Quote Book
“He that hath a trade hath an estate; he that hath a calling hath an office of profit and honor.”  – Benjamin Franklin, The Missionary's Little Quote Book
“Opportunities are often things you haven't noticed the first time around.”  – Catherine Denueve, The Missionary's Little Quote Book
“Every successful man I have ever heard of has done the best he could with the conditions as he found them, and not waited until next year for better.”  – Elias Howe, The Missionary's Little Quote Book
“Some things...arrive on their own mysterious hour, on their own terms and not yours, to be seized or relinquished forever.”  – Gail Godwin, The Missionary's Little Quote Book
“There are joys which long to be ours. God sends ten thousands truths, which come to us like birds seeking an inlet; but we are shut up to them, and so they bring us nothing, but sit and sing a while upon the roof, and then fly away.”  – Henry Ward Beecher, The Missionary's Little Quote Book
“Do not wait for extraordinary situations to do good; try to use ordinary situations.”  – Jean Paul Richter, The Missionary's Little Quote Book
“Indecision is the thief of opportunity.”  – Jim Rohn, The Missionary's Little Quote Book
“Do all the good you can, in all the ways you can, to all the souls you can, in every place you can, at all the times you can, with all the zeal you can, as long as you can.”  – John Wesley, The Missionary's Little Quote Book
“The first step toward success is taken when you refuse to be a captive of the environment in which you first find yourself.”  – Mark Caine, The Missionary's Little Quote Book
“You cannot do a kindness too soon, for you never know how soon it will be too late.”  – Ralph Waldo Emerson, The Missionary's Little Quote Book
“We have all eternity to celebrate our victories, but only one short hour before sunset in which to win them.”  – Robert Moffat, The Missionary's Little Quote Book
“Opportunity is missed by most people because it is dressed in overalls and looks like work.”  – Thomas Edison, The Missionary's Little Quote Book
“Our grand business is not to see what lies dimly in the distance, but to do what clearly lies at hand.”  – Thomas Carlyle, The Missionary's Little Quote Book
“This is not a dress rehearsal. This is *It*.”  – Tom Cunningham, The Missionary's Little Quote Book
“I expect to pass through life but once. If therefore, there be any good thing I can do to any fellow-being, let me do it now, and not defer or neglect it, as I shall not pass this way again.”  – William Penn, The Missionary's Little Quote Book
“Perfection is achieved, not when there is nothing left to add, but when there is nothing left to take away.”  – Antoine de St. Exupery, The Missionary's Little Quote Book
“The perfecting of one's self is the fundamental base of all progress and all moral development.”  – Confucius, The Missionary's Little Quote Book
“Aim at perfection in everything, though in most things it is unattainable. However, they who aim at it, and persevere, will come much nearer to it than those whose laziness and despondency makes them give it up as unattainable.”  – Lord Chesterfield, The Missionary's Little Quote Book
“In order to be saints, you have to seriously want to be one. Saint Thomas Aquinas assures us that holiness 'is nothing else but a resolution made, the heroic act of a soul that surrenders to God.' And he adds: 'Spontaneously we love God, we run towards him, we get close to him, we possess him.' Our willingness is important because it changes us into the image of God and likens us to him! The decision to be holy is a very dear one. Renunciation, temptations, struggles, persecutions, and all times of sacrifices are what surround the soul that has opted for holiness.'”  – Mother Teresa, The Missionary's Little Quote Book
“The fact of death should not sadden us. The only thing that should sadden us is to know that we are not saints.”  – Mother Teresa, The Missionary's Little Quote Book
“The question is not 'How much may I indulge in and still be saved.' God forbid! I must rather ask, 'What about Christ's will and the example I set for my fellow Christians?'”  – Robert A. Cook, The Missionary's Little Quote Book
“Excellence in any department can be attained only by the labor of a lifetime; it is not to be purchased at a lesser price.”  – Samuel Johnson, The Missionary's Little Quote Book
“Sow a thought and you reap an act; Sow an act and you reap a habit; Sow a habit and you reap a character; Sow a character and you reap a destiny.”  – Samuel Smiles, The Missionary's Little Quote Book
“Perfection is attained by slow degrees; it requires the hand of time.”  – Voltaire, The Missionary's Little Quote Book
“Let us alone, and we will send Elders to the uttermost parts of the earth, and gather out Israel, wherever they are; and if you persecute us, we will do it the quicker, because we are naturally dull when let alone, and are disposed to take a little sleep, a little slumber, and a little rest. If you let us alone, we will do it a little more leisurely, but if you persecute us, we will sit up nights to preach the Gospel.”  – Brigham Young, Discourses of Brigham Young
“It always has been when a man was sent of God with the priesthood and he began to preach the fulness of the Gospel, that he was thrust out by his friends, who are ready to butcher him if he teach things which they imagine to be wrong; and Jesus was crucified upon this principle.”  – Joseph Smith, Teachings of the Prophet Joseph Smith
“Men of high standing would take notice sufficient to excite the public mind against me, and create a bitter persecution; and this was common among all the sects -- all united to persecute me.”  – Joseph Smith, Joseph Smith -- History
“If I were to try to read, much less answer, all the attacks made on me, this shop might as well be closed for any other business. I do the very best I know how - the very best I can; and I mean to keep doing so until the end. If the end brings me out all right, what's said against me won't amount to anything. If the end brings me out wrong, ten angels swearing I was right would make no difference.”  – Abraham Lincoln, The Inner Life of Abraham Lincoln: Six Months at the White House
“Bigotry and intolerance, silenced by argument, endeavors to silence by persecution, in old days by fire and sword, in modern days by the tongue.”  – Charles Simmons, The Inner Life of Abraham Lincoln: Six Months at the White House
“The way of the world is to praise dead saints, and persecute living ones.”  – Nathaniel Howe, The Inner Life of Abraham Lincoln: Six Months at the White House
“People who change their way of life and begin to think about making spiritual progress also begin to suffer from the tongues of detractors. Whoever has not yet suffered this trial has not yet made progress, and whoever is not ready to suffer it does not even endeavor to progress.”  – Saint Augustine, The Inner Life of Abraham Lincoln: Six Months at the White House
“With ordinary talents and extraordinary perseverance all things are attainable.”  – T.F. Buxton, The Inner Life of Abraham Lincoln: Six Months at the White House
“Most of the important things in the world have been accomplished by people who have kept on trying when there seemed to be no hope at all.”  – Dale Carnegie, The Inner Life of Abraham Lincoln: Six Months at the White House
“I realized early on that success was tied to not giving up. Most people in this business gave up and went on to other things. If you simply didn't give up, you would outlast the people who came in on the bus with you.”  – Harrison Ford, The Inner Life of Abraham Lincoln: Six Months at the White House
“Obstacles cannot crush me. Every obstacle yields to stern resolve. He who is fixed to a star does not change his mind.”  – Leonardo da Vinci, The Inner Life of Abraham Lincoln: Six Months at the White House
“When I have fully decided that a result is worth getting, I go ahead of it and make trial after trial until it comes.”  – Thomas Edison, The Inner Life of Abraham Lincoln: Six Months at the White House
“Expect the best, plan for the worst, and prepare to be surprised.”  – Denis Waitley, The Inner Life of Abraham Lincoln: Six Months at the White House
“Nothing is particularly hard if you divide it into small jobs.”  – Henry Ford, The Inner Life of Abraham Lincoln: Six Months at the White House
“I remember saying to my mentor, 'If I had more money, I would have a better plan.' He quickly responded, 'I would suggest that if you had a better plan, you would have more money.' You see, it's not the amount that counts; it's the plan that counts.”  – Jim Rohn, The Inner Life of Abraham Lincoln: Six Months at the White House
“Never begin the day until it is finished on paper.”  – Jim Rohn, The Inner Life of Abraham Lincoln: Six Months at the White House
“Success is 20% skills and 80% strategy. You might know how to read, but more importantly, what's your plan to read?”  – Jim Rohn, The Inner Life of Abraham Lincoln: Six Months at the White House
“The morning is wiser than the evening.”  – Russian Proverb, The Inner Life of Abraham Lincoln: Six Months at the White House
“A danger foreseen is half avoided.”  – Thomas Fuller, The Inner Life of Abraham Lincoln: Six Months at the White House
“In the work of the Lord there should be no serious mistakes. The most important point of your planning should be on your knees.”  – Ezra Taft Benson, General Conference
“Focus 90% of your time on solutions and only 10% of your time on problems.”  – Anthony J. D'Angelo, General Conference
“A man who does not think and plan long ahead will find trouble right at his door.”  – Confucius, General Conference
“Better counsel comes overnight.”  – Doris Lessing, General Conference
