“You can't merely snap your fingers and get great faith in God, any more than you can snap your fingers and get great musical ability. Faith takes hold of us only when we take hold of it. The great psychologist, William James, said, 'That which holds our attention determines our action,' and one of the unfortunate things in life is that we sometimes focus our attention on the wrong things.”  – Sterling W. Sill, Conference Report
“There is wickedness in the intention of wickedness, even though it may not be perpetrated in the act.”  – Marcus Tullius Cicero, Conference Report
“Virtue consists, not in abstaining from vice, but in not desiring it.”  – George Bernard Shaw, Conference Report
“Tell me what you like and I'll tell you what you are.”  – John Ruskin, Conference Report
“Civilization, in the real sense of the term, consists not in the multiplication but in the deliberate and voluntary reduction of wants.”  – Mahatma Gandhi, Conference Report
“Want is a growing giant whom the coat of Have was never large enough to cover.”  – Ralph Waldo Emerson, Conference Report
“The fewer our wants, the nearer we resemble the gods.”  – Socrates, Conference Report
“To be innocent is not to be guilty, but to be virtuous is to overcome our evil inclinations.”  – William Penn, Conference Report
“[Christ] was perfect and sinless, not because he had to be, but rather because he clearly and determinedly wanted to be.”  – Howard W. Hunter, Ensign
“Always bear in mind that your own resolution to succeed is more important than any other one thing.”  – Abraham Lincoln, Ensign
“Anyone who proposes to do good must not expect people to roll stones out of his way, but must accept his lot calmly, even if they roll a few stones upon it.”  – Albert Schweitzer, Ensign
“What this power is I cannot say; all I know is that it exists and it becomes available only when a man is in that state of mind in which he know exactly what he wants and is fully determined not to quit until he finds it.”  – Alexander Graham Bell, Ensign
“The hill has not yet lifted its face to heaven that perseverance will not gain the summit of at last.”  – Charles Dickens, Ensign
“Every human mind is a great slumbering power until awakened by a keen desire and by definite resolution to do”  – Edgar F. Roberts, Ensign
“Nothing of worth or weight can be achieved with half a mind, with a faint heart, and with a lame endeavor.”  – Isaac Barrow, Ensign
“The worth of every conviction consists precisely in the steadfastness with which it is held.”  – Jane Addams, Ensign
“Firmness of purpose is one of the most necessary sinews of character, and one of the best instruments of success. Without it genius wastes its efforts in a maze of inconsistencies.”  – Lord Chesterfield, Ensign
“The will to conquer is the first condition of victory.”  – Marshal Ferdinand Foch, Ensign
“When every physical and mental resource is focused, one's power to solve a problem multiplies tremendously.”  – Norman Vincent Peale, Ensign
“If I had to select one quality, one personal characteristic that I regard as being most highly correlated with success, whatever the field, I would pick the trait of persistence. Determination. The will to endure to the end, to get knocked down 70 times and get up off the floor saying, 'Here comes number 71!'”  – Richard M. Devos, Ensign
“Other people may not have had high expectations for me...but I had high expectations for myself.”  – Shannon Miller, Olympic Gymnast
“Self-motivation flows from the importance we attach to today.”  – Steve Chandler, Olympic Gymnast
“The difference between a successful person and others is not a lack of strength, not a lack of knowledge, but rather in a lack of will.”  – Vincent T. Lombardi, Olympic Gymnast
“Great things are not something accidental, but must certainly be willed.”  – Vincent van Gogh, Olympic Gymnast
“Somehow I can't believe that there are any heights that can't be scaled by a man who knows the secrets of making dreams come true. This special secret, it seems to me, can be summarized in four C's. They are curiosity, confidence, courage, and constancy, and the greatest of all is confidence, when you believe in a thing, believe in it all the way, implicitly and unquestionably.”  – Walt Disney, Olympic Gymnast
“The height of your accomplishments will equal the depth of your convictions.”  – William F. Scolavino, Olympic Gymnast
“Most people never run far enough on their first wind, to find out if they've got a second. Give your dreams all you've got, and you'll be amazed at the energy that comes out of you.”  – William James, Olympic Gymnast
“Why is it that Latter-day Saints are enabled to convert people? It is because they have the truth to offer, because they have no doubt in their minds regarding the divinity of the work in which we are engaged.”  – Heber J. Grant, Gospel Standards
“Make certain decisions only once . . . We can make a single decision about certain things that we will incorporate in our lives and then make them ours - without having to brood and re-decide a hundred times what it is we will do and what we will not do.”  – Spencer W. Kimball, Ensign
“Beware of rashness, but with energy and sleepless vigilance go forward and give us victories.”  – Abraham Lincoln, Letter to Major General Joseph Hooker
“Let us have faith that right makes might, and in that faith, let us, to the end, dare to do our duty as we understand it.”  – Abraham Lincoln, Cooper Institute Address
“You can have anything you want - if you want it badly enough. You can be anything you want to be, do anything you set out to accomplish if you hold to that desire with singleness of purpose.”  – Abraham Lincoln, Cooper Institute Address
“I know quite certainly that I myself have no special talent; curiosity, obsession and dogged endurance, combined with self-criticism have brought me to my ideas.”  – Albert Einstein, Cooper Institute Address
“Some men succeed because they are destined to, but most because they are determined to.”  – Anonymous, The Missionary's Little Quote Book
“Resolve to perform what you ought; perform without fail what you resolve.”  – Benjamin Franklin, The Missionary's Little Quote Book
“Nothing splendid has ever been achieved except by those who dared believe that something inside of them was superior to circumstance.”  – Bruce Barton, The Missionary's Little Quote Book
“All that is necessary to break the spell of inertia and frustration is this: Act as if it were impossible to fail. That is the talisman, the formula, the command of right about face which turns us from failure to success.”  – Dorthea Brande, The Missionary's Little Quote Book
“The purpose firm is equal to the deed.”  – Edward Young, The Missionary's Little Quote Book
“Nothing is impossible; there are ways that lead to everything, and if we had sufficient will we would always have sufficient means. It is often merely for an excuse that we say things are impossible.”  – Francois de la Rochefoucauld, The Missionary's Little Quote Book
“'But' is a fence over which few leap.”  – German Proverb, The Missionary's Little Quote Book
“I will find a way...if there is no way, I will make one.”  – Hannibal, The Missionary's Little Quote Book
“All the strength and force of man comes from his faith in things unseen. He who believes is strong; he who doubts is weak. Strong convictions precede great actions.”  – James Freeman Clarke, The Missionary's Little Quote Book
“Quality is never an accident. It is always the result of intelligent effort. There must be the will to produce a superior thing.”  – John Ruskin, The Missionary's Little Quote Book
“One person with a belief is equal to a force of ninety-nine who have only interests.”  – John Stuart Mill, The Missionary's Little Quote Book
“There is no failure except in no longer trying. There is no defeat except from within, no really insurmountable barrier save our own inherent weakness of purpose.”  – Kin Hubbard, The Missionary's Little Quote Book
“Strength does not come from physical capacity. It comes from an indomitable will.”  – Mahatma Gandhi, The Missionary's Little Quote Book
“The history of the world is full of men who rose to leadership, by sheer force of self-confidence, bravery and tenacity.”  – Mahatma Gandhi, The Missionary's Little Quote Book
“A determined soul will do more with a rusty monkey wrench than a loafer will accomplish with all the tools in a machine shop.”  – Rupert Hughes, The Missionary's Little Quote Book
“The longer I live, the more I am certain that the great difference between the great and the insignificant, is energy -- invincible determination -- a purpose once fixed, and then death or victory.”  – Thomas Fowell Buxton, The Missionary's Little Quote Book
“A person with half volition goes backwards and forwards, but makes no progress on even the smoothest of roads.”  – Thomas Carlyle, The Missionary's Little Quote Book
