“If you don't ask, you don't get. We must become the change we want to see.”  – Mahatma Gandhi, General Conference
“To believe in something, and not to live it, is dishonest.”  – Mahatma Gandhi, General Conference
“We must become the change we want to see.”  – Mahatma Gandhi, General Conference
“In order to be Christians, we should resemble Christ, of this I am firmly convinced. Gandhi once said that if Christians lived according to their faith, there would be no more Hindus left in India. People expect us to be consistent with our Christian life.”  – Mother Teresa, General Conference
“Often we Christians constitute the worst obstacle for those who try to become closer to Christ; we often preach a gospel we do not live. This is the principle reason why people of the world don't believe.”  – Mother Teresa, General Conference
“When men speak ill of thee, live so as nobody may believe them.”  – Plato, General Conference
“Go put your creed into your deed, nor speak with double tongue.”  – Ralph Waldo Emerson, General Conference
“What you do speaks so loud that I cannot hear what you say”  – Ralph Waldo Emerson, General Conference
“Is your Christianity ancient history--or current events?”  – Samuel M. Shoemaker, General Conference
“Men trust rather to their eyes than to their ears. The effect of precepts is, therefore, slow and tedious, while that of examples is summary and effectual.”  – Seneca, General Conference
“I want to see you shoot the way you shout.”  – Theodore Roosevelt, General Conference
“Conviction never so excellent, is worthless until it turns itself into conduct”  – Thomas Carlyle, General Conference
“He does not believe that does not live according to his belief .”  – Thomas Fuller, General Conference
“Where Example keeps pace with Authority, Power hardly fails to be obey'd.”  – William Penn, General Conference
“If you expect perfection from other people, your whole life is a series of disappointments, grumbling and complaints. If, on the contrary, you pitch your expectations low, taking folks as the inefficient creatures which they are, you are frequently surprised by having them perform better than you had hoped.”  – Bruce Barton, General Conference
“Human beings, who are almost unique in having the ability to learn from the experience of others, are also remarkable for their apparent disinclination to do so.”  – Douglas Adams, General Conference
“There are some things which cannot be learned quickly, and time, which is all we have, must be paid heavily for their acquiring. They are the very simplest things, and because it takes a man's life to know them the little new that each man gets from life is very costly and the only heritage he has to leave.”  – Ernest Hemingway, General Conference
“We learn from experience that men never learn anything from experience.”  – George Bernard Shaw, General Conference
“Take time to gather up the past so that you will be able to draw from your experiences and invest them in the future. Don't let the learning from your own experiences take too long. If you have been doing it wrong for the last ten years, I would suggest that's long enough!”  – Jim Rohn, General Conference
“You don't learn anything the second time you're kicked by a mule.”  – Anonymous, General Conference
“A little experience often upsets a lot of theory.”  – Cadman, General Conference
“Experience is that marvelous thing that enables you recognize a mistake when you make it again.”  – F. P. Jones, General Conference
“There is no good in arguing with the inevitable. The only argument available with an east wind is to put on your greatcoat.”  – J. R. Lowell, General Conference
“The more sand that has escaped from the hourglass of our life, the clearer we should see through it.”  – Jean-Paul Sartre, General Conference
“Experience is the worst teacher. It always gives the test first and the instruction afterwards.”  – Mark Twain, General Conference
“Most people would desire--if it were possible--to obtain at once the joys of lovely and perfect wisdom, without the endurance of toil in action and suffering. However, that is impossible in this mortal life...In the discipline of the human, the toil of doing the work precedes the delight of understanding the truth.”  – Saint Augustine, General Conference
“I never once made a discovery...I speak without exaggeration that I have constructed three thousand different theories in connection with the electric light...Yet only in two cases did my experiments prove the truth of my theory.”  – Thomas Edison, General Conference
“The mind, in discovering truths, acts in the same manner as it acts trhough the eye in discovering objects; when once any object has been seen, it is impossible to put the mind back to the same condition it was in before it saw it.”  – Thomas Paine, General Conference
“There can be no theory of any account unless it corroborates with the theory of the earth.”  – Walt Whitman, General Conference
“Righteousness is a companion to faith. Strong faith is earned by keeping the commandments.”  – James E. Faust, General Conference
“Faithfulness and truth are the most sacred excellences and endowments of the human mind.”  – Marcus Tullius Cicero, General Conference
“Faithfulness and sincerity are the highest things.”  – Confucius, General Conference
“It is better to be faithful than famous.”  – Theodore Roosevelt, General Conference
“A faith that hasn't been tested can't be trusted.”  – Adrian Rogers, General Conference
“Good homes are not easily created or maintained. They require discipline, not so much of children as of self.”  – Gordon B. Hinckley, Standing for Something
“A worried society now begins to see that the disintegration of the family brings upon the world the calamities foretold by the prophets. The world's councils and deliberations will succeed only when they define the family as the Lord has revealed it to be. 'Except the Lord build the house, they labour in vain that build it' (Ps. 127:1)”  – Howard W. Hunter, General Conference
“Good homes are still the best source of good humans.”  – Neal A. Maxwell, Ensign
“Those who do too much for their children will soon find they can do nothing with their children. So many children have been so much done for they are almost done in.”  – Neal A. Maxwell, CR
“A child needs a mother more than all the things money can buy. Spending time with your children is the greatest gift of all.”  – Ezra Taft Benson, CR
“Positive sibling relationships begin with parents who model fairness.”  – Jay Kessler, CR
“If the children are untaught, their ignorance and vices will in future life cost us much dearer in their consequences than it would have done in their correction by a good education.”  – Thomas Jefferson, CR
“We should commence our labors of love and kindness with the family to which we belong, and then extend them to others.”  – Brigham Young, Discourses of Brigham Young
“The law of cause and effect is working in parenthood as it is in any other law of nature. There is a responsibility upon all, and especially upon fathers and mothers, to set examples to children and young people worthy of imitation. Parents must be sincere in upholding law and upholding the priesthood in their homes, that children may see a proper example.”  – David O. McKay, Conference Report
“The patterns we set in our homes and the values we develop there, whether they be good or bad, almost cannot be overcome.”  – Dean L. Larson, Ensign
“The Lord has given us a commandment that we shall teach our children the principles of the gospel and have them baptized when they are eight years of age. If we fail to keep this commandment, the blessings that are promised to us by the Lord will be revoked, and we will have to mourn and sorrow in seeing our children grow up without a desire to serve God. And in after years, when we endeavor to instil into their minds of the principles of the gospel, we will make a failure of it.”  – Heber J. Grant, Gospel Standards
“Parents have the glorious opportunity of being the most powerful influence, above and beyond any other, on the new lives that bless their homes.”  – L. Tom Perry, Ensign
“It was President Harold B. Lee who said that the turning of the hearts of the children to their fathers and the fathers to the children was not only a commission to do work for the dead, but it also applied to the living and the importance of keeping those family relationships intact in this life.”  – Loren C. Dunn, General Conference
“The failure of parents to teach their children affects not only them and their children but whole civilizations.”  – Marion G. Romney, Conference Report
“We should remember that any disobedience to God or any other offenses that we pick up in our own lives are soon transmitted to others, particularly our children. That is, the power of example is the greatest power in the world. That is the way we learn to walk. That is the way we learn to talk. That is why we speak with the accent we do. That is how we learn to dress ourselves. That is why we have our hair cut and our clothing tailored the way we do.”  – Sterling W. Sill, CR
“All I am, or can be, I owe to my angel mother.”  – Abraham Lincoln, CR
