“Love him or hate him, Trump is a man who is certain about what he wants and sets out to get it, no holds barred. Women find his power almost as much of a turn-on as his money.”  – Donald Trump
“The point is that you can't be too greedy.”  – Donald Trump
“What separates the winners from the losers is how a person reacts to each new twist of fate.”  – Donald Trump
“With out passion you dont have energy, with out energy you have nothing.”  – Donald Trump
“Sometimes by losing a battle you find a new way to win the war.”  – Donald Trump
“Money was never a big motivation for me, except as a way to keep score. The real excitement is playing the game.”  – Donald Trump
“In the end, you're measured not by how much you undertake but by what you finally accomplish.”  – Donald Trump
“If you're interested in 'balancing' work and pleasure, stop trying to balance them. Instead make your work more pleasurable.”  – Donald Trump
“I wasn't satisfied just to earn a good living. I was looking to make a statement.”  – Donald Trump
“I try to learn from the past, but I plan for the future by focusing exclusively on the present. That's were the fun is.”  – Donald Trump
“I like thinking big. If you're going to be thinking anything, you might as well think big.”  – Donald Trump
“I could never have imagined that firing 67 people on national television would actually make me more popular, especially with the younger generation.”  – Donald Trump
“Everything in life is luck.”  – Donald Trump
“As long as your going to be thinking anyway, think big.”  – Donald Trump
“Suffering is universal; how we react to suffering is individual. Suffering can take us one of two ways. It can be a strengthening and purifying experience combined with faith, or it can be a destructive force in our lives if we do not have the faith in the Lord’s atoning sacrifice. The purpose of suffering, however, is to build and strengthen us. We learn obedience by the things we suffer.”  – Elder Robert D. Hales
“It should be noted that no ethically-trained software engineer would ever consent to write a DestroyBaghdad procedure. Basic professional ethics would instead require him to write a DestroyCity procedure, to which Baghdad could be given as a parameter.”  – Nathaniel Borenstein
“I believe that the busy person . . . who has his worries and troubles, can solve his problems better and more quickly in the house of the Lord than anywhere else.  If he will [do] the temple work for himself and for his dead, he will confer a mighty blessing upon those who have gone before, and . . . a blessing will come to him, for at the most unexpected moments, in or out of the temple will come to him, as a revelation, the solution of the problems that vex his life.  That is the gift that comes to those who enter the temple properly.”  – Elder John A. Widtsoe, Old Testament Gospel Doctrine Teacher’s Manual
“Please don't nag yourself with thoughts of failure. Do not set goals far beyond your capacity to achieve. Simply do what you can do, in the best way you know, and the Lord will accept of your effort.”  – Gordon B. Hinckley, Ensign
“Life is like a mirror.  If you frown at it, it frowns back.  If you smile at it, it returns the greeting.”  – Hurbert Samuels
“Big shots are only little shots who kept shooting.”  – Christopher Morley
“To eat is a necessity, but to eat intelligently is an art.”  – Francois de la Rochefoucauld
“Those who think they have no time for healthy eating, will sooner or later have to find time for illness.”  – Edward Stanley
“Without proper food, medicine is of no use; and with proper food, medicine is of no need.”  – Ayurvedic Proverb
“The doctor of the future will no longer treat the human frame with drugs, but rather will cure and prevent disease with nutrition.”  – Thomas Edison
“Love is one of the chief characteristics of Deity, and ought to be manifested by those who aspire to be the sons of God. A man filled with the love of God, is not content with blessing his family alone, but ranges through the whole world, anxious to bless the whole human race.”  – Joseph Smith
“I do not dwell upon your faults, and you shall not upon mine. Charity, which is love, covereth a multitude of sins, and I have often covered up all the faults among you; but the prettiest thing is to have no faults at all. We should cultivate a meek, quiet and peaceable spirit.”  – Joseph Smith
“If it is to be, it is up to me.”  – 
“Blog and barf are basically the same thing. What we need is people creating quality and simplifcity on the internet. We don't just need more stuff thrown up on the web.”  – Kevin Wade, Speech or conversation
“Success is in the struggle. It is through striving, that greatness is developed.”  – Allan Wade, Speech or conversation
“Moral courage, the courage of one's convictions, the courage to see things through the eyes of the world- is in a constant conspiracy against the brave. It is the age old struggle- the roar of the crowd on one side and the voice of your conscience on the other.”  – Douglas MacArthur, Great Quotes from Great Leaders
“You are remembered for the rules you break.”  – Douglas MacArthur, Great Quotes from Great Leaders
“Nobody grows old by merely living a number of years. People grow old by deserting their ideals. You are as young as your faith, as old as your doubt; as young your self-confidence, as old as your fear; as young as your hope, as old as your despair.”  – Douglas MacArthur, Great Quotes from Great Leaders
“There is no substitute for victory.”  – Douglas MacArthur, Great Quotes from Great Leaders
“Trust yourself. Create the kind of self that you will be happy to live with all your life. Make the most of yourself by fanning the tiny, inner sparks of possibility into flames of achievement.”  – Golda Meir, Great Quotes from Great Leaders
“You'll never find a better sparring partner than adversity.”  – Golda Meir, Great Quotes from Great Leaders
“The only alternative to war is peace. The only road to peace is negotiation.”  – Golda Meir, Great Quotes from Great Leaders
“One cannot and must not try to erase the past merely because it does not fit the present.”  – Golda Meir, Great Quotes from Great Leaders
“If you're not a risk taker, you should get out of business.”  – Ray Kroc, Great Quotes from Great Leaders
“If you work just for money, you'll never make it, but if you love what you're doing and you always put the customer first, success will be yours.”  – Ray Kroc, Great Quotes from Great Leaders
“Luck is a dividend of sweat. The more you sweat, the luckier you get.”  – Ray Kroc, Great Quotes from Great Leaders
“Are you green and growing or ripe and rotting?”  – Ray Kroc, Great Quotes from Great Leaders
“You must pay the price if you wish to secure the blessing.”  – Andrew Jackson, Great Quotes from Great Leaders
“Take time to deliberate; but when time for action arrives. stop thinking and go in.”  – Andrew Jackson, Great Quotes from Great Leaders
“Peace, above all things, is to be desired, but blood must sometimes be spilled to obtain it on equable and lasting terms.”  – Andrew Jackson, Great Quotes from Great Leaders
“Never take counsel of your fears.”  – Andrew Jackson, Great Quotes from Great Leaders
“Every good citizen makes his country's honor his own, and cherishes it not only as precious but as sacred. He is willing to risk his life in its defense and its conscious that he gains protection while he gives it.”  – Andrew Jackson, Great Quotes from Great Leaders
“The brave man inattentive to his duty, is worth little more to his country than the coward who deserts in the hour of danger.”  – Andrew Jackson, Great Quotes from Great Leaders
“As long as our government is administered for the good of the people, and is regulated by their will; as long as it secures to us the rights of persons and of property, liberty of conscience and of the press, it will be worth defending.”  – Andrew Jackson, Great Quotes from Great Leaders
“One man with courage makes a majority.”  – Andrew Jackson, Great Quotes from Great Leaders
“You can't live a perfect day without doing something for someone who will never be able to repay you.”  – John Wooden, Great Quotes from Great Leaders
