“Don't measure yourself by what you have accomplished, but by what you should have accomplished with your ability.”  – John Wooden, Great Quotes from Great Leaders
“It's what you learn after you know it all that counts.”  – John Wooden, Great Quotes from Great Leaders
“Failure is not fatal, but failure to change might be.”  – John Wooden, Great Quotes from Great Leaders
“Never mistake activity for achievement.”  – John Wooden, Great Quotes from Great Leaders
“Do not let what you cannot do interfere with what you can do.”  – John Wooden, Great Quotes from Great Leaders
“Consider the rights of others before your own feelings, and your the feelings of others before your own rights.”  – John Wooden, Great Quotes from Great Leaders
“Be prepared and be honest.”  – John Wooden, Great Quotes from Great Leaders
“Adversity is the state in which man most easily becomes acquainted with himself.”  – John Wooden, Great Quotes from Great Leaders
“Be more concerned with your character than your reputation, because your character is what you really are, while your reputation is merely what others think your are.”  – John Wooden, Great Quotes from Great Leaders
“Things turn out best for the people who make the best of the way things turn out.”  – John Wooden, Great Quotes from Great Leaders
“The buck stops here!”  – Harry S. Truman, Great Quotes from Great Leaders
“It is understanding that gives us an ability to have peace. When we understand the other fellow's viewpoint, and he understands ours, then we can sit down and work out our differences.”  – Harry S. Truman, Great Quotes from Great Leaders
“It is amazing what you can accomplish if you do not care who gets the credit.”  – Harry S. Truman, Great Quotes from Great Leaders
“If you can't stand the heat, get out of the kitchen.”  – Harry S. Truman, Great Quotes from Great Leaders
“If you can't convince them, confuse them.”  – Harry S. Truman, Great Quotes from Great Leaders
“I would rather have peace in the world than be President.”  – Harry S. Truman, Great Quotes from Great Leaders
“I never did give anybody hell. I just told them the truth and they thought it was hell.”  – Harry S. Truman, Great Quotes from Great Leaders
“America was not built on fear. America was built on courage, on imagination and an unbeatable determination to do the job at hand.”  – Harry S. Truman, Great Quotes from Great Leaders
“Actions are the seeds of fate. Deeds grow into destiny.”  – Harry S. Truman, Great Quotes from Great Leaders
“A pessimist is one who makes difficulties of his opportunities and an optimist is one who makes opportunities of his difficulties.”  – Harry S. Truman, Great Quotes from Great Leaders
“I am in politics because of the conflict between good and evil, and I believe that in the end good will triumph.”  – Margaret Thatcher, Great Quotes from Great Leaders
“Success is having a flair for the thing that you are doing; knowing that is not enough, that you have got to have hard work and a sense of purpose.”  – Margaret Thatcher, Great Quotes from Great Leaders
“If my critics saw me walking over the Thames they would say it was because I couldn't swim.”  – Margaret Thatcher, Great Quotes from Great Leaders
“To wear your heart on your sleeve isn't a very good plan; you should wear it inside, where it functions best.”  – Margaret Thatcher, Great Quotes from Great Leaders
“If you set out to be liked, you would be prepared to compromise on anything at any time, and you would achieve nothing.”  – Margaret Thatcher, Great Quotes from Great Leaders
“Standing in the middle of the road is very dangerous; you get nocked down by the traffic from both sides.”  – Margaret Thatcher, Great Quotes from Great Leaders
“If you lead a country like Britain, a strong country, a country which has taken a lead in world affairs in good times and in bad, a country that is always reliable, then you have a touch of iron about you.”  – Margaret Thatcher, Great Quotes from Great Leaders
“Disciplining yourself to do what you know is right and important, although difficult, is the highroad to pride, self-esteem, and personal satisfaction.”  – Margaret Thatcher, Great Quotes from Great Leaders
“You may have to fight a battle more than once to win it.”  – Margaret Thatcher, Great Quotes from Great Leaders
“Being powerful is like being a lady. If you have to tell people you are, you aren't.”  – Margaret Thatcher, Great Quotes from Great Leaders
“Appreciate everything your associates do for business. Nothing else can quite substitute for a few well- chosen, well-timed, sincere words of praise. They're absolutely free and worth a fortune.”  – Sam Walton, Great Quotes from Great Leaders
“We let folks know we're interested in them and that they're vital to us, cause they are.”  – Sam Walton, Great Quotes from Great Leaders
“There is only one boss. The customer. And he can fire everybody in the company from the chairman on down, simply by spending his money somewhere else.”  – Sam Walton, Great Quotes from Great Leaders
“I have always been driven to buck the system to innovate, to take things beyond where they've been.”  – Sam Walton, Great Quotes from Great Leaders
“High expectations are the key to everything.”  – Sam Walton, Great Quotes from Great Leaders
“Outstanding leaders go out of their way to boost the self-esteem of their personnel. If people believe in themselves, it's amazing what they can accomplish.”  – Sam Walton, Great Quotes from Great Leaders
“Capital isn't scarce; vision is.”  – Sam Walton, Great Quotes from Great Leaders
“Individuals don't win. Teams do.”  – Sam Walton, Great Quotes from Great Leaders
“I can do nothing than be reverent before everything that is called life. I can do no other than to have compassion for all that is called life. That is the beginning and the foundation of all ethics.”  – Albert Schweitzer, Great Quotes from Great Leaders
“Truth has no special time of its own. Its hour is now- always.”  – Albert Schweitzer, Great Quotes from Great Leaders
“The true worth of a man is not to be found in man himself, but in the colours and textures that come alive in others.”  – Albert Schweitzer, Great Quotes from Great Leaders
“One who gains strength by overcoming obstacles possess the only strength which can overcome adversity.”  – Albert Schweitzer, Great Quotes from Great Leaders
“Life becomes harder for us when we live for others, but it also becomes richer and happier.”  – Albert Schweitzer, Great Quotes from Great Leaders
“If a man loses his reverence for any part of life, he will lose his reverence for all of life.”  – Albert Schweitzer, Great Quotes from Great Leaders
“The purpose of human life is to serve, and to show compassion and the will to help others.”  – Albert Schweitzer, Great Quotes from Great Leaders
“I don't know what your destiny will be, but one thing I know: the only ones among you who will be really happy are those who will have sought and found how to serve.”  – Albert Schweitzer, Great Quotes from Great Leaders
“Example is not the main thing in influencing others. It is the only thing.”  – Albert Schweitzer, Great Quotes from Great Leaders
“Example is leadership.”  – Albert Schweitzer, Great Quotes from Great Leaders
“Do something wonderful, people will imitate it.”  – Albert Schweitzer, Great Quotes from Great Leaders
“Constant kindness can accomplish much. As the sun makes ice melt, kindness causes misunderstanding, mistrust, and hostility to evaporate.”  – Albert Schweitzer, Great Quotes from Great Leaders
