“As soon as a man does not take his existence for granted, but beholds it as something unfathomably mysterious, thought begins.”  – Albert Schweitzer, Great Quotes from Great Leaders
“An optimist is a person who sees a green light everywhere, while the pessimist sees only the red stoplight. The truly wise person is colorblind.”  – Albert Schweitzer, Great Quotes from Great Leaders
“Far better is it to dare mighty things, to win glorious triumphs, even though checkered by failure... than to rank with those poor spirits who neither enjoy nor suffer much, because they live in a gray twilight that knows not victory nor defeat.”  – Theodore Roosevelt, Great Quotes from Great Leaders
“A great secret of success is to go through life as a man who never gets used up.”  – Albert Schweitzer, Great Quotes from Great Leaders
“Success is not the key to happiness. Happiness is the key to success. If you love what you are doing, you will be successful.”  – Albert Schweitzer, Great Quotes from Great Leaders
“The credit belongs to the man who is actually in the arena; whose face is marred by dust and sweat and blood; who strives valiantly; who errs and comes up short again and again; who knows the great enthusiasms, the great devotions, and spends himself in a worthy cause/ who at the best knows in the end the triumph of high achievement; and who at the worst, if he fails, at least fails daring greatly.”  – Theodore Roosevelt, Great Quotes from Great Leaders
“There has never yet been a man in our history who led a life of ease whose name is worth remembering.”  – Theodore Roosevelt, Great Quotes from Great Leaders
“To educate a man in mind and not in morals is to educate a menace in society.”  – Theodore Roosevelt, Great Quotes from Great Leaders
“The best executive is one who has sense enough to pick good people to do what he wants done, and self- restraint enough to keep from meddling with them while they do it.”  – Theodore Roosevelt, Great Quotes from Great Leaders
“The only man who never makes a mistake is the man who never does anything.”  – Theodore Roosevelt, Great Quotes from Great Leaders
“Speak softly and carry a big stick; you will go far.”  – Theodore Roosevelt, Great Quotes from Great Leaders
“People ask the difference between a leader and a boss. The leader leads, and the boss drives.”  – Theodore Roosevelt, Great Quotes from Great Leaders
“No man is worth his salt who is not ready at all times to risk his well-being, to risk his body, to risk his life, in a great cause.”  – Theodore Roosevelt, Great Quotes from Great Leaders
“Keep your eyes on the stars, and your feet on the ground.”  – Theodore Roosevelt, Great Quotes from Great Leaders
“In a moment of decision the best thing you can do is the right thing. The worst thing you can do is nothing.”  – Theodore Roosevelt, Great Quotes from Great Leaders
“Great thoughts speak only to the thoughtful mind, but great actions speak to all mankind.”  – Theodore Roosevelt, Great Quotes from Great Leaders
“Far better it is to dare mighty things, to win glorious triumphs, even though checkered by failure... than to rank with those poor spirits who neither enjoy nor suffer much, because they live in a gray twilight that knows not victory nor defeat.”  – Theodore Roosevelt, Great Quotes from Great Leaders
“It is hard to fail, but it is worse never to have tried to succeed.”  – Theodore Roosevelt, Great Quotes from Great Leaders
“Far and away the best prize that life has to offer is the chance to work hard at work worth doing.”  – Theodore Roosevelt, Great Quotes from Great Leaders
“I care not what others think of what I do, but I care very much about what I think I do! That is character!”  – Theodore Roosevelt, Great Quotes from Great Leaders
“Do what you can, with what you have, where you are.”  – Theodore Roosevelt, Great Quotes from Great Leaders
“We must reinforce argument with results.”  – Booker T. Washington, Great Quotes from Great Leaders
“There is no power on earth that can neutralize the influence of a high, simple and useful life.”  – Booker T. Washington, Great Quotes from Great Leaders
“One cannot hold another man down in the ditch without remaining down in the ditch with him.”  – Booker T. Washington, Great Quotes from Great Leaders
“Nothing ever comes to one, that is worth having, except as a result of hard work.”  – Booker T. Washington, Great Quotes from Great Leaders
“I have learned that success is to be measured not so much by the position that one has reached in life as by the obstacles which he has had to overcome while trying to succeed.”  – Booker T. Washington, Great Quotes from Great Leaders
“Few things can help an individual more than to place responsibility on him, and to let him know that you trust him.”  – Booker T. Washington, Great Quotes from Great Leaders
“Character is power.”  – Booker T. Washington, Great Quotes from Great Leaders
“Associate yourself with people of good quality, for it is better to be alone than in bad company.”  – Booker T. Washington, Great Quotes from Great Leaders
“There are two ways of exerting one's strength; one is pushing down, the other is pulling up.”  – Booker T. Washington, Great Quotes from Great Leaders
“A man must know his destiny . . . if he does not recognize it, then he is lost.”  – George S. Patton, Great Quotes from Great Leaders
“An Army is a team; lives, sleeps, eats, fights as a team.”  – George S. Patton, Great Quotes from Great Leaders
“Lead me, follow me, or get out of my way.”  – George S. Patton, Great Quotes from Great Leaders
“All glory is fleeting.”  – George S. Patton, Great Quotes from Great Leaders
“It is only by doing things others have not that one can advance.”  – George S. Patton, Great Quotes from Great Leaders
“If a man does his best, what else is there?”  – George S. Patton, Great Quotes from Great Leaders
“By perseverance, study, and eternal desire, any man can become great.”  – George S. Patton, Great Quotes from Great Leaders
“Success is how high you bounce when you hit bottom.”  – George S. Patton, Great Quotes from Great Leaders
“We and all others who believe in freedom as deeply as we do, would rather die on our feet than live on our knees.”  – Franklin D. Roosevelt, Great Quotes from Great Leaders
“The test of our progress is not whether we add more to the abundance of those who have much; it is whether we provide enough for those who have little.”  – Franklin D. Roosevelt, Great Quotes from Great Leaders
“The truth is found when men are free to pursue it.”  – Franklin D. Roosevelt, Great Quotes from Great Leaders
“There are many ways of going forward, but only one way of standing still.”  – Franklin D. Roosevelt, Great Quotes from Great Leaders
“The virtues are lost in self-interest as rivers are lost in the sea.”  – Franklin D. Roosevelt, Great Quotes from Great Leaders
“The only thing we have to fear is fear itself.”  – Franklin D. Roosevelt, Great Quotes from Great Leaders
“Physical strength can never permanently withstand the impact of spiritual force.”  – Franklin D. Roosevelt, Great Quotes from Great Leaders
“Men are not prisoners of fate, but only prisoners of their own minds.”  – Franklin D. Roosevelt, Great Quotes from Great Leaders
“In our seeking for economic and political progress, we all go up-or else we all go down.”  – Franklin D. Roosevelt, Great Quotes from Great Leaders
“Rules are not necessarily sacred, principles are.”  – Franklin D. Roosevelt, Great Quotes from Great Leaders
“I'm not the smartest fellow in the world, but I can sure pick smart colleagues.”  – Franklin D. Roosevelt, Great Quotes from Great Leaders
“Human kindness has never weakened the stamina or softened the fiber of a free people.  A nation does not have to be cruel to be tough.”  – Franklin D. Roosevelt, Great Quotes from Great Leaders
