“Happiness lies in joy of achievement and the thrill of creative effort.”  – Franklin D. Roosevelt, Great Quotes from Great Leaders
“Confidence. . . thrives on honesty, on honor, on the sacredness of obligations, on faithful protection and on unselfish performance.  Without them it cannot live.”  – Franklin D. Roosevelt, Great Quotes from Great Leaders
“To reach a port, we must sail-sail, not tie at anchor-sail, not drift.”  – Franklin D. Roosevelt, Great Quotes from Great Leaders
“Freedom consists not in doing what we like, but in having the right to do what we ought.”  – Pope John Paul II, Great Quotes from Great Leaders
“Love is never defeated.”  – Pope John Paul II, Great Quotes from Great Leaders
“The only way to peace is forgiveness.  To accept and give forgiveness makes possible a new quality of rapport between men, interrupts the spiral of hatred and revenge and breaks the chains of evil which bind the hearts of rivals.”  – Pope John Paul II, Great Quotes from Great Leaders
“The worst prison would be a closed heart.”  – Pope John Paul II, Great Quotes from Great Leaders
“The truth is not always the same as the majority decision.”  – Pope John Paul II, Great Quotes from Great Leaders
“Peace is not just the absence of war.  Like a cathedral, peace must be constructed patiently and with unshakable faith.”  – Pope John Paul II, Great Quotes from Great Leaders
“The future starts today, not tomorrow.”  – Pope John Paul II, Great Quotes from Great Leaders
“Anything done for another is done for oneself.”  – Pope John Paul II, Great Quotes from Great Leaders
“Our forbearance should never be misunderstood.  Our reluctance for conflict should not be misjudged as failure of will.  When action is required to preserve our national security, we will act.”  – Ronald Reagan, Great Quotes from Great Leaders
“Recession is when a neighbor loses his job.  Depression is when you lose yours.”  – Ronald Reagan, Great Quotes from Great Leaders
“I'm convinced more than ever that man finds liberation only when he binds himself to God and commits himself to his fellow man.”  – Ronald Reagan, Great Quotes from Great Leaders
“Life is one grand, sweet song, so start the music.”  – Ronald Reagan, Great Quotes from Great Leaders
“The best minds are not in government.  If any were, business would hire them away.”  – Ronald Reagan, Great Quotes from Great Leaders
“We will always remember.  We will always be proud. We will always be prepared, so we will always be free.”  – Ronald Reagan, Great Quotes from Great Leaders
“America is too great for small dreams.”  – Ronald Reagan, Great Quotes from Great Leaders
“Freedom is one of the deepest and noblest aspirations of the human spirit.”  – Ronald Reagan, Great Quotes from Great Leaders
“Entrepreneurs and their small enterprises are responsible for almost all the economic growth in the United States.”  – Ronald Reagan, Great Quotes from Great Leaders
“We can't help everyone, but everyone can help someone.”  – Ronald Reagan, Great Quotes from Great Leaders
“A man is not free unless government is limited.”  – Ronald Reagan, Great Quotes from Great Leaders
“There are no such things as limits to growth, because there are no limits to the human capacity for intelligence, imagination, and wonder.”  – Ronald Reagan, Great Quotes from Great Leaders
“There are no easy answers. . . but there are simple answers.  We have the courage to do what we know is morally right.”  – Ronald Reagan, Great Quotes from Great Leaders
“Freedom is a fragile thing and is never more than one generation from extinction.  It is not ours by inheritance; it must be fought for and defended constantly by each generation, for it comes only once to a people.  Those who have known freedom, and then lost it, have never known it again.”  – Ronald Reagan, Great Quotes from Great Leaders
“I know in my heart that man is good.  That what is right will eventually triumph.  And there is purpose and worth to each and every life.”  – Ronald Reagan, Great Quotes from Great Leaders
“Life is a series of experiences, each of which makes us bigger. even though it is hard to realize this. For this world was built to develop character, and we must learn that the setbacks and griefs which we endure help us in our marching onward.”  – Henry Ford, Great Quotes from Great Leaders
“Coming together is a beginning. Keeping together is progress. Working together is success.”  – Henry Ford, Great Quotes from Great Leaders
“When everything seems to be going against you, remember that the airplane takes off against the wind, not with it.”  – Henry Ford, Great Quotes from Great Leaders
“You can't build a reputation on what you're going to do.”  – Henry Ford, Great Quotes from Great Leaders
“Wealth, like happiness, is never attained when sought after directly. It comes as a by product of providing a useful service.”  – Henry Ford, Great Quotes from Great Leaders
“I cannot discover that anyone knows enough to say definitely what is and what is not possible.”  – Henry Ford, Great Quotes from Great Leaders
“Most people spend more time and energy going around problems than trying to solve them.”  – Henry Ford, Great Quotes from Great Leaders
“Before everything else, getting ready is the secret of success.”  – Henry Ford, Great Quotes from Great Leaders
“Chop your own wood, and it will warm you twice.”  – Henry Ford, Great Quotes from Great Leaders
“Failure is simply the opportunity to begin again more intelligently.”  – Henry Ford, Great Quotes from Great Leaders
“A business that makes nothing but money is a poor kind of business.”  – Henry Ford, Great Quotes from Great Leaders
“When everything seems to be going against you, remember that the airplane takes off against the wind, not with it.”  – Henry Ford, Great Quotes from Great Leaders
“Quality means doing it right when no one is looking.”  – Henry Ford, Great Quotes from Great Leaders
“Anybody can do anything that he imagines.”  – Henry Ford, Great Quotes from Great Leaders
“Character cannot be developed in ease and quiet.  Only through experiences of trial and suffering can the soul be strengthened, vision cleared, ambition inspired and success achieved.”  – Helen Keller, Great Quotes from Great Leaders
“The best and most beautiful things in life cannot be seen, not touched, but are felt in the heart.”  – Helen Keller, Great Quotes from Great Leaders
“The struggle of life is one of our greatest blessings.  It makes us patient, sensitive, and Godlike.  It teaches us that although the world is full of suffering, it is also full of the overcoming of it.”  – Helen Keller, Great Quotes from Great Leaders
“We would never learn to be brave and patient if there were only joy in the world.”  – Helen Keller, Great Quotes from Great Leaders
“What we have once enjoyed we can never lose.  All that we love deeply becomes a part of us.”  – Helen Keller, Great Quotes from Great Leaders
“Happiness cannot come from without.  It must come from within.”  – Helen Keller, Great Quotes from Great Leaders
“To be blind, but worse is to have eyes and not see.”  – Helen Keller, Great Quotes from Great Leaders
“When one door of happiness closes, another opens; but often we look so long at the closed door that we do not see the one which has been opened for us.”  – Helen Keller, Great Quotes from Great Leaders
“Love never claims, it ever gives.  Love ever suffers, never resents never revenges itself.”  – Mahatma Gandhi, Great Quotes from Great Leaders
“An eye for an eye ends up making the whole world blind.”  – Mahatma Gandhi, Great Quotes from Great Leaders
