“An ounce of practice is worth more than tons of preaching.”  – Mahatma Gandhi, Great Quotes from Great Leaders
“Glory lies in the attempt to reach one's goal and not in reaching it.”  – Mahatma Gandhi, Great Quotes from Great Leaders
“Power is of two kinds.  One is obtained by fear of punishment and the other by acts of love.  Power based on love is a thousand times more effective and permanent than the one derived from fear of punishment.”  – Mahatma Gandhi, Great Quotes from Great Leaders
“We must become the change we want to see in the world.”  – Mahatma Gandhi, Great Quotes from Great Leaders
“Live as if you were to die tomorrow.  Learn as if you were to live forever.”  – Mahatma Gandhi, Great Quotes from Great Leaders
“Nonviolence is not a garment to be put on and off at will. Its seat is in the heart, and it must be an inseparable part of our being.”  – Mahatma Gandhi, Great Quotes from Great Leaders
“A man is but the product of his thoughts.  What he thinks, he becomes.”  – Mahatma Gandhi, Great Quotes from Great Leaders
“A coward is incapable of exhibiting love; it is the prerogative of the brave.”  – Mahatma Gandhi, Great Quotes from Great Leaders
“Change is the law of life.  Those who look only to the past or the present are certain to miss the future.”  – John F. Kennedy, Great Quotes from Great Leaders
“A man may die, nations may rise and fall, but an idea lives forever.”  – John F. Kennedy, Great Quotes from Great Leaders
“Liberty without learning is alway in peril; learning without liberty is always in vain.”  – John F. Kennedy, Great Quotes from Great Leaders
“Do not pray for easy lives.  Pray for stronger men.”  – John F. Kennedy, Great Quotes from Great Leaders
“There are risks and costs to a program of action.  But they are far less than the long-range risks and costs of comfortable inaction.”  – John F. Kennedy, Great Quotes from Great Leaders
“My fellow Americans, ask not what your country can do for you, ask what you can do for your country.”  – John F. Kennedy, Great Quotes from Great Leaders
“Those who dare to fail miserably can achieve greatly.”  – John F. Kennedy, Great Quotes from Great Leaders
“The American, by nature, is optimistic. He is experimental, an inventor and a builder who builds best when called upon to build greatly.”  – John F. Kennedy, Great Quotes from Great Leaders
“The intuitive mind is a sacred gift and the rational mind is a faithful servant.  We have created a society that honors the servant and has forgotten the gift.”  – Albert Einstein, Great Quotes from Great Leaders
“Information is knowledge.”  – Albert Einstein, Great Quotes from Great Leaders
“Intellectuals solve problems, geniuses prevent them.”  – Albert Einstein, Great Quotes from Great Leaders
“There are only two ways to live your life.  One is as though nothing is a miracle.  The other is as though everything is a miracle.”  – Albert Einstein, Great Quotes from Great Leaders
“We can't solve problems by using the same kind of thinking we used when we created them.”  – Albert Einstein, Great Quotes from Great Leaders
“The only real valuable thing is intuition.”  – Albert Einstein, Great Quotes from Great Leaders
“Weakness of attitude becomes weakness of character.”  – Albert Einstein, Great Quotes from Great Leaders
“A person who never made a mistake never tried anything new.”  – Albert Einstein, Great Quotes from Great Leaders
“The most important human endeavor is the striving for morality in our action.  Our inner balances and even our very existence depends on it.  Only morality in our actions can give beauty and dignity to life.”  – Albert Einstein, Great Quotes from Great Leaders
“If you are out to describe the truth, leave elegance to the tailor.”  – Albert Einstein, Great Quotes from Great Leaders
“Try not to become a man of success but rather to become a man of value.”  – Albert Einstein, Great Quotes from Great Leaders
“The important thing is not to stop questioning.  Curiosity has its own reason for existing.  One cannot help but be in awe when he contemplates the mysteries of eternity, of life, of the marvelous structure of reality.  It is enough if one tries merely to comprehend a little of this mystery every day.  Never lose a holy curiosity.”  – Albert Einstein, Great Quotes from Great Leaders
“Truth is what stands the test of experience.”  – Albert Einstein, Great Quotes from Great Leaders
“The ideals which have lighted my way, and time after time have given me new courage to face life cheerfully, have been kindness, beauty, and truth.”  – Albert Einstein, Great Quotes from Great Leaders
“There can be no keener revelation of a society's soul than the way in which it treats its children.”  – Nelson Mandela, Great Quotes from Great Leaders
“We can't afford to stand divided. . . If we stand together, victory of the liberation movement is assured.”  – Nelson Mandela, Great Quotes from Great Leaders
“I have cherished the ideal of a democratic and free society in which all persons live together in harmony and with equal opportunities.  It is an ideal which I hope to live for and to achieve.  But if needs be, it is an ideal for which I am prepared to die.”  – Nelson Mandela, Great Quotes from Great Leaders
“Leaders are important but history is ultimately not made by kings and generals.  It is made by the masses”  – Nelson Mandela, Great Quotes from Great Leaders
“There is no passion to be found playing small-in settling for a life that is less than the one you are capable of living”  – Nelson Mandela, Great Quotes from Great Leaders
“A good head and a good heart are always a formidable combination.”  – Nelson Mandela, Great Quotes from Great Leaders
“No one is born hating another person because of the color of his skin, or his background, or his religion.  People must learn to hate, and if they can learn to hate, they can be taught to love, for love comes more naturally to the human heart than its opposite.”  – Nelson Mandela, Great Quotes from Great Leaders
“The brave man is not he who does not feel afraid, but he who conquers that fear.”  – Nelson Mandela, Great Quotes from Great Leaders
“The first thing is to be honest with yourself.  you can never have an impact on society if you have not changed yourself. . . Great peacemakers are all people of integrity, of honesty and humility.”  – Nelson Mandela, Great Quotes from Great Leaders
“Man's goodness is a flame that can be hidden but never extinguished.”  – Nelson Mandela, Great Quotes from Great Leaders
“After climbing a great hill, one only finds that there are many more hills to climb.”  – Nelson Mandela, Great Quotes from Great Leaders
“True reconciliation does not consist in merely forgetting the past.”  – Nelson Mandela, Great Quotes from Great Leaders
“Education is the most powerful weapon which you can use to change the world.”  – Nelson Mandela, Great Quotes from Great Leaders
“For to be free is not merely to cast off one's chains, but to live in a way that respects and enhances the freedom of others.”  – Nelson Mandela, Great Quotes from Great Leaders
“As we let our own light shine, we unconsciously give other people permission to do the same.”  – Nelson Mandela, Great Quotes from Great Leaders
“The history of freedom is never really written by chance but by choice.”  – Dwight Eisenhower, Great Quotes from Great Leaders
“May we grow in strength-without pride of self.  May we, in our dealings with all people of the earth speak the truth and serve justice.  May the light of freedom, coming to all darkened lands, flame brightly-until at last the darkness is no more.”  – Dwight Eisenhower, Great Quotes from Great Leaders
“A sense of humor is part of the art of leadership, of getting along with people, of getting things done.”  – Dwight Eisenhower, Great Quotes from Great Leaders
“Only our individual faith in freedom can keep us free.”  – Dwight Eisenhower, Great Quotes from Great Leaders
“You don't lead by hitting people over the head-that's assault, not leadership.”  – Dwight Eisenhower, Great Quotes from Great Leaders
