“Pessimism never won any battle.”  – Dwight Eisenhower, Great Quotes from Great Leaders
“Only strength can cooperate Weakness can only beg.”  – Dwight Eisenhower, Great Quotes from Great Leaders
“The supreme quality for leadership is unquestionable integrity.  Without it, no real success is possible.”  – Dwight Eisenhower, Great Quotes from Great Leaders
“When you are in any contest you should work as if there were, to the very last minute, a chance to lose it.”  – Dwight Eisenhower, Great Quotes from Great Leaders
“The final battle against intolerance is to be fought-not in the chambers of any legislature-but in the hearts of men.”  – Dwight Eisenhower, Great Quotes from Great Leaders
“Women are like teabags.  We don't know our true strength until we are in hot water!”  – Eleanor Roosevelt, Great Quotes from Great Leaders
“When you cease to make a contribution, you begin to die.”  – Eleanor Roosevelt, Great Quotes from Great Leaders
“What is to give light must endure the burning.”  – Eleanor Roosevelt, Great Quotes from Great Leaders
“We gain strength, and courage, and confidence by each experience in which we really stop to look fear in the face. . . we must do that which we think we cannot.”  – Eleanor Roosevelt, Great Quotes from Great Leaders
“The giving of love is an education in itself.”  – Eleanor Roosevelt, Great Quotes from Great Leaders
“Only a man's character is the real criterion of worth.”  – Eleanor Roosevelt, Great Quotes from Great Leaders
“No one can make you feel inferior without your consent.”  – Eleanor Roosevelt, Great Quotes from Great Leaders
“Justice cannot be for one side alone, but must be for both.”  – Eleanor Roosevelt, Great Quotes from Great Leaders
“It isn't enough to talk about peace.  One must believe in it.  And it isn't enough to believe in it.  One must work at it.”  – Eleanor Roosevelt, Great Quotes from Great Leaders
“It is better to light a candle than curse the darkness.”  – Eleanor Roosevelt, Great Quotes from Great Leaders
“Friendship with ones self is all important, because without it one cannot be friends with anyone else in the world.”  – Eleanor Roosevelt, Great Quotes from Great Leaders
“Happiness is not a goal; it is a by-product.”  – Eleanor Roosevelt, Great Quotes from Great Leaders
“Absence makes he heart grow fonder.”  – Eleanor Roosevelt, Great Quotes from Great Leaders
“Some of us will do our jobs well and some will not, but we will all be judged on one thing: the result.”  – Vince Lombardi, Great Quotes from Great Leaders
“Once you have established the goal you want and the price you are willing to pay, you can ignore the minor hurts, the opponent's pressure and the temporary failures.”  – Vince Lombardi, Great Quotes from Great Leaders
“Mental toughness is many things and rather difficult to explain. Its qualities are sacrifice and self-denial.”  – Vince Lombardi, Great Quotes from Great Leaders
“Man's finest hour is the moment when he has worked his heart out in a good cause and lies exhausted on the field of battle victorious.”  – Vince Lombardi, Great Quotes from Great Leaders
“The quality of a person's life is in direct proportion to their commitment to excellence, regardless of their chosen field of interest.”  – Vince Lombardi, Great Quotes from Great Leaders
“Individual commitment to a group effort- that is what makes a team work, a company work, a society work, a civilization work.”  – Vince Lombardi, Great Quotes from Great Leaders
“Winners never quit and quitters never win.”  – Vince Lombardi, Great Quotes from Great Leaders
“The greatest accomplishment is not never falling, but in rising after you fall.”  – Vince Lombardi, Great Quotes from Great Leaders
“The only place success comes before work is in the dictionary.”  – Vince Lombardi, Great Quotes from Great Leaders
“The price of success is hard work, dedication to the job and determination that whether we win or lose, we have applied the best of ourselves to the task at hand.”  – Vince Lombardi, Great Quotes from Great Leaders
“Once you learn to quit, it becomes a habit.”  – Vince Lombardi, Great Quotes from Great Leaders
“Leaders aren't born, they are made. They are made by hard effort, which is the price which all of us must pay to achieve any goal which is worthwhile.”  – Vince Lombardi, Great Quotes from Great Leaders
“Confidence is contagious. So is the lack of confidence.”  – Vince Lombardi, Great Quotes from Great Leaders
“Winning is not a sometime thing. You don't do things right once in a while... you do them right all the time.”  – Vince Lombardi, Great Quotes from Great Leaders
“There is only one way to succeed in anything, and that is to give it everything. I do, and I demand that my players do.”  – Vince Lombardi, Great Quotes from Great Leaders
“As I would not be a slave, so I would not be a master. This expresses my idea of democracy. Whatever differs from this, to the extent of the difference, is no democracy.”  – Abraham Lincoln, Great Quotes from Great Leaders
“I do not think much of a man who is not wiser today than he was yesterday.”  – Abraham Lincoln, Great Quotes from Great Leaders
“The man does not live who is more devoted to peace than I am. None who would do more to preserve it.”  – Abraham Lincoln, Great Quotes from Great Leaders
“I am rather inclined to silence, and whether that be wise or not, it is at least more unusual nowadays to find a man who can hold his tongue than to find one who cannot.”  – Abraham Lincoln, Great Quotes from Great Leaders
“The best thing about the future is that it comes only one day at a time.”  – Abraham Lincoln, Great Quotes from Great Leaders
“A house divided against itself cannot stand.”  – Abraham Lincoln, Great Quotes from Great Leaders
“The probability that we may fall in the struggle ought not to deter us from the support of a cause we believe to be just.”  – Abraham Lincoln, Great Quotes from Great Leaders
“Stand with anybody that stands right. Stand with him while he is right and part with him when he goes wrong.”  – Abraham Lincoln, Great Quotes from Great Leaders
“Force is all-conquering, but its victories are short-lived.”  – Abraham Lincoln, Great Quotes from Great Leaders
“Leave nothing for tomorrow which can be done today.”  – Abraham Lincoln, Great Quotes from Great Leaders
“Fourscore and seven years ago our Fathers brought forth on this continent a new nation conceived in liberty and dedicated to the proposition that all men are created equal.”  – Abraham Lincoln, Great Quotes from Great Leaders
“I leave you hoping that the lamp of liberty will burn in your bosoms until there shall no longer be a doubt that all men are created free and equal.”  – Abraham Lincoln, Great Quotes from Great Leaders
“Let us have faith that right makes might, and that faith, let us, to the end, dare to do our duty as we understand it.”  – Abraham Lincoln, Great Quotes from Great Leaders
“Those who deny freedom to others, deserve it not for themselves; and, under a just God, can not long retain it.”  – Abraham Lincoln, Great Quotes from Great Leaders
“The best thing about the future is that it comes only one day at a time.”  – Abraham Lincoln, Great Quotes from Great Leaders
“Disneyland will never be completed. It will continue to grow as long as there is imagination left in the world.”  – Walt Disney, Great Quotes from Great Leaders
“We keep moving forward, opening new doors, and doing things, because we're curious  and curiosity keeps leading to new paths.”  – Walt Disney, Great Quotes from Great Leaders
