“Our heritage and ideals, our codes and standards- the things we live by and teach our children- are preserved or diminished by how freely we exchange ideas and feelings.”  – Walt Disney, Great Quotes from Great Leaders
“It is kind of fun to do the impossible.”  – Walt Disney, Great Quotes from Great Leaders
“Our greatest natural resource is the minds of our children.”  – Walt Disney, Great Quotes from Great Leaders
“The way to get started is to quit talking and begin doing.”  – Walt Disney, Great Quotes from Great Leaders
“When you believe in a thing, believe in it all the way, implicitly and unquestionable.”  – Walt Disney, Great Quotes from Great Leaders
“All the adversity I've had in my life, all my troubles have strengthened me. . . You may not realize it when it happens, but a kick in the teeth may be the best thing in the world for you.”  – Walt Disney, Great Quotes from Great Leaders
“If you can dream it, you can do it.”  – Walt Disney, Great Quotes from Great Leaders
“I believe the unarmed truth and unconditional love will have the final word in reality.”  – Martin Luther King, Jr., Great Quotes from Great Leaders
“Now is the time to make justice a reality for all of God's Children.”  – Martin Luther King, Jr., Great Quotes from Great Leaders
“Every person must decide whether to walk in the light of creative altruism or in the darkness of destructive selfishness.  This is the judgment.  Life's most persistent and urgent question is, what are you doing for others?”  – Martin Luther King, Jr., Great Quotes from Great Leaders
“We must learn to live together as brothers or perish as fools.”  – Martin Luther King, Jr., Great Quotes from Great Leaders
“War is a poor chisel to carve out tomorrow.”  – Martin Luther King, Jr., Great Quotes from Great Leaders
“The quality, not longevity, of one's life is what is important.”  – Martin Luther King, Jr., Great Quotes from Great Leaders
“Love is the only force capable of transforming an enemy to a friend.”  – Martin Luther King, Jr., Great Quotes from Great Leaders
“A lie cannot live.”  – Martin Luther King, Jr., Great Quotes from Great Leaders
“The ultimate measure of a man is not where he stands in moments of comfort and convenience, but where he stands at times of challenge and controversy.”  – Martin Luther King, Jr., Great Quotes from Great Leaders
“Faith is taking the first step even when you don't see the staircase.”  – Martin Luther King, Jr., Great Quotes from Great Leaders
“It is not possible to be in favor of justice for some people and not be in favor of justice for all people.”  – Martin Luther King, Jr., Great Quotes from Great Leaders
“History will have to record that the greatest tragedy of this period... was not the strident clamor of the bad people, but the appalling silence of the good people.”  – Martin Luther King, Jr., Great Quotes from Great Leaders
“Human progress is neither automatic nor inevitable... Every step toward the goal of justice requires sacrifice, suffering, and struggle; the tireless exertions and passionate concern of dedicated individuals.”  – Martin Luther King, Jr., Great Quotes from Great Leaders
“The time is always right to do what is right.”  – Martin Luther King, Jr., Great Quotes from Great Leaders
“Worry is the interest paid by those who borrow trouble.”  – George Washington, Great Quotes from Great Leaders
“Truth will ultimately prevail where there are pains to bring it to light.”  – George Washington, Great Quotes from Great Leaders
“To be prepared for war is one of the most effective means of preserving peace.”  – George Washington, Great Quotes from Great Leaders
“Liberty, when it begins to take root, is a plant of rapid growth.”  – George Washington, Great Quotes from Great Leaders
“It is better to offer no excuse than a bad one.”  – George Washington, Great Quotes from Great Leaders
“Let your heart feel for the afflictions and distress of everyone, and let your hand give in proportion to your purse.”  – George Washington, Great Quotes from Great Leaders
“If the freedom of speech is taken away then dumb and silent we may be led, like sheep to the slaughter.”  – George Washington, Great Quotes from Great Leaders
“Happiness and moral duty are inseparably connected.”  – George Washington, Great Quotes from Great Leaders
“I hope I shall possess firmness and virtue enough to maintain what I consider the most enviable of all titles, the character of an honest man.”  – George Washington, Great Quotes from Great Leaders
“Few men have virtue to withstand the highest bidder.”  – George Washington, Great Quotes from Great Leaders
“Associate with men of good quality if you esteem your own reputation; for it is better to be alone than in bad company.”  – George Washington, Great Quotes from Great Leaders
“Labor to keep alive in your breast that little spark of celestial fire, called conscience.”  – George Washington, Great Quotes from Great Leaders
“A slender acquaintance with the world must convince every man that actions, not words, are the true criterion of attachment of friends.”  – George Washington, Great Quotes from Great Leaders
“Words which do not give the light of Christ increase the darkness.”  – Mother Teresa, Great Quotes from Great Leaders
“We shall never know all the good that a simple smile can do.”  – Mother Teresa, Great Quotes from Great Leaders
“We ourselves feel what we are doing is just a drop in the ocean. But the ocean would be less because of missing that drop.”  – Mother Teresa, Great Quotes from Great Leaders
“Love is a fruit in a season at all times, and within reach of every hand.”  – Mother Teresa, Great Quotes from Great Leaders
“Let us always meet each other with a smile for the smile is the beginning of love.”  – Mother Teresa, Great Quotes from Great Leaders
“Joy is a net of love by which you can catch souls.”  – Mother Teresa, Great Quotes from Great Leaders
“Intense love does not measure, it just gives.”  – Mother Teresa, Great Quotes from Great Leaders
“In this life we cannot do great things. We can only do small things with great love.”  – Mother Teresa, Great Quotes from Great Leaders
“If you have time to judge people, you have no time to love them.”  – Mother Teresa, Great Quotes from Great Leaders
“If you can't feed a hundred people, then feed just one.”  – Mother Teresa, Great Quotes from Great Leaders
“If we want a love message to be heard, it has got to be sent out. To keep a lamp burning, we have to keep putting oil in it.”  – Mother Teresa, Great Quotes from Great Leaders
“If we have no peace, it is because we have forgotten that w belong to each other.”  – Mother Teresa, Great Quotes from Great Leaders
“Good works are links that form chain of love.”  – Mother Teresa, Great Quotes from Great Leaders
“I have found the paradox, that if you love until it hurts, there can be no more hurt.”  – Mother Teresa, Great Quotes from Great Leaders
“Do not wait for leaders; do it alone, person to person.”  – Mother Teresa, Great Quotes from Great Leaders
“Be faithful is all things because it is in them that your strength lies.”  – Mother Teresa, Great Quotes from Great Leaders
