“When you reach the end of your rope, tie a knot in it and hang on.”  – Thomas Jefferson, Great Quotes from Great Leaders
“Whenever you do a thing, act as if all the world were watching.”  – Thomas Jefferson, Great Quotes from Great Leaders
“Nothing can stop the man with the right mental attitude from achieving his goal; nothing on earth can help a man with the wrong mental attitude.”  – Thomas Jefferson, Great Quotes from Great Leaders
“For here we are not afraid to follow truth wherever it may lead.”  – Thomas Jefferson, Great Quotes from Great Leaders
“A coward is much more exposed to quarrels than a man of spirit.”  – Thomas Jefferson, Great Quotes from Great Leaders
“We do not raise armies for glory or for conquest.”  – Thomas Jefferson, Great Quotes from Great Leaders
“We hold these truths to be self-evident: That all men are created equal; that they are endowed by their Creator with certain unalienable rights; that among these are life, liberty, and the pursuit of happiness.”  – Thomas Jefferson, Great Quotes from Great Leaders
“An honest man can feel no pleasure in exercise of power over his fellow citizens.”  – Thomas Jefferson, Great Quotes from Great Leaders
“Remember that faith and obedience are still the answers, even when things go wrong, perhaps especially when things go wrong”  – Elder David E. Sorensen
“It is neither wealth nor splendor, but tranquility and occupation which give happiness.”  – Thomas Jefferson, Great Quotes from Great Leaders
“Determine never to be idle... It is wonderful much may be done if we are always doing.”  – Thomas Jefferson, Great Quotes from Great Leaders
“Parents who give children habits of industry provide for them better than by giving them a fortune”  – Richard Whately, Great Quotes from Great Leaders
“The will of the people is the only legitimate foundation of any government, and to protect its free expression should be our first object.”  – Thomas Jefferson, Great Quotes from Great Leaders
“The boisterous sea of liberty is never without a wave.”  – Thomas Jefferson, Great Quotes from Great Leaders
“Courage is the finest of human qualities because it guarantees all the others.”  – Winston Churchill, Great Quotes from Great Leaders
“I never worry about action, only inaction.”  – Winston Churchill, Great Quotes from Great Leaders
“It's not enough that we do our best; sometimes we have to do what's required.”  – Winston Churchill, Great Quotes from Great Leaders
“Difficulties mastered are opportunities won.”  – Winston Churchill, Great Quotes from Great Leaders
“To build may have to be the slow and laborious task of years. To destroy can be the thoughtless act of a single day.”  – Winston Churchill, Great Quotes from Great Leaders
“It is a mistake to look too far ahead. Only one link in the chain of destiny can be handled at a time.”  – Winston Churchill, Great Quotes from Great Leaders
“We make a living by what we get. We make a life by what we give.”  – Winston Churchill, Great Quotes from Great Leaders
“Every day you make progress. Every step may be fruitful. Yet there will stretch out before you an ever-lengthening, ever-ascending, ever-improving path. You know you will never get to the end of the journey. But this, so far from discouraging, only adds to the joy and glory of the climb.”  – Winston Churchill, Great Quotes from Great Leaders
“All great things are simple and many can be expressed in single words: freedom, justice, honor, duty, mercy, hope.”  – Winston Churchill, Great Quotes from Great Leaders
“The price of greatness in responsibility.”  – Winston Churchill, Great Quotes from Great Leaders
“Never give in.. never, never, never, never, in nothing great or small,  large or petty, never give in except to convictions of honor and good sense.”  – Winston Churchill, Great Quotes from Great Leaders
“If we are together nothing is impossible. If we are divided all will fail.”  – Winston Churchill, Great Quotes from Great Leaders
“Success is not final, failure is not fatal: it is the courage to continue that counts.”  – Winston Churchill, Great Quotes from Great Leaders
“Courage is going from failure to failure without losing enthusiasm.”  – Winston Churchill, Great Quotes from Great Leaders
“A lie gets halfway around the world before the truth has a chance to put its pants on.”  – Winston Churchill, Great Quotes from Great Leaders
“Say little, and love much; give all, judge no man; aspire to all that is pure and good”  – White Eagle, Ross Farnsworth's Favorite Quotes
“I have nothing to offer but blood. toil, tears, and sweat.”  – Winston Churchill, Great Quotes from Great Leaders
“Words may show a man's wit but actions his meaning.”  – Benjamin Franklin, Great Quotes from Great Leaders
“Well done is better than well said”  – Benjamin Franklin, Great Quotes from Great Leaders
“The only thing that stand between a person and what they want in life are the will to try it, and the faith to believe it's possible.”  – Rich Devos
“The only thing that stand between a person and what they want in life are the will to try it, and the faith to believe it's possible.”  – Rich Devos
“Our greatest danger in life is permitting the urgent things to crowd out the important.”  – Charles E. Hummel
“The secret to living a joyful fulfilling life is to do more of what you love every day.”  – Marcia Wieder
“Act the way you'd like to be and soon you'll be the way you act.”  – George W. Crane
“Courage is fear holding on a minute longer.”  – George S. Patton, Great Quotes from Great Leaders
“Keep your face to the sunshine, and you'll never see the shadows.”  – Helen Keller
“Things that matter most must never be at the mercy of things that matter least."”  – Johann Wolfgang von Goethe
“If you can't feed a hundred people,   – Mother Teresa
“Remember, no one can make you feel inferior without your consent.”  – Eleanor Roosevelt
“The difference between the hero and the coward is that the hero sticks in there five minutes longer”  – Brian Tracy
“How far you go in your life depends on your being tender with the young, compassionate with the aged, sympathetic with the striving, and tolerant of the weak and strong. Because someday in your life you will have been   – George Washington Carver
“It is one of the most beautiful compensations in life...we can never help another without helping ourselves.”  – Ralph Waldo Emerson
“Courage does not always roar. Sometimes it is a quiet voice at the end of the day, saying...'I will try again tomorrow'.”  – Mary Anne Radmacher
“If we take care of the moments, the years will take care of themselves.”  – Maria Edgeworth
“Sometimes the best helping hand you can get is a good, firm push.”  – Joann Thomas
“Life's tragedy is that we get old too soon and wise to late.”  – Benjamin Franklin, Great Quotes from Great Leaders
