“Be slow in choosing a friend, slower in changing.”  – Benjamin Franklin, Great Quotes from Great Leaders
“An investment in knowledge pays the best interest.”  – Benjamin Franklin
“Change your thoughts and change   – Earl Nightingale
“Sometimes our light goes out but is blown again into flame by an encounter with another human being. Each of us owes the deepest thanks to those who have rekindled   – Albert Schweitzer
“All mankind is divided into three classes: those that are immovable, those that are moveable, and those that move.”  – Benjamin Franklin, Great Quotes from Great Leaders
“Appreciation is a wonderful thing; it makes what is excellent in others belong to us as well.”  – Voltaire
“Look at everything as though you are seeing for the first time, with the eyes of a child, fresh with wonder.”  – Joseph Cornell
“The best mind-altering drug is truth.”  – Lily Tomlin
“Nothing is so fatiguing as the eternal hanging on of an uncompleted task.”  – William James
“As we must account for every idle word, so we must account for every idle silence.”  – Benjamin Franklin, Great Quotes from Great Leaders
“Success is the progressive realization of a worthy ideal.”  – Earl Nightingale
“I can go for 2 months on 1 compliment.”  – Mark Twain
“Whether you think you can, or you can't . . . you're right.”  – Henry Ford
“There is one quality that one must posess to win, and that is definiteness of purpose, the knowledge of what one wants and the burning desire to achieve it.”  – Napoleon Hill
“Nothing changes until something moves.”  – Unknown
“It's not what you know or who you know.  It's what you are that finally counts.”  – Zig Ziglar, Zig Ziglar's Little Book of Big Quotes
“Be kind and merciful.  Let no one ever come to you without coming away better and happier.”  – Mother Teresa
“Be like a postage stamp. Stick to one thing until you get there.”  – Josh Billings
“Lost time is never found again.”  – Benjamin Franklin
“Ability is important in our quest for success, but dependability is critical.”  – Zig Ziglar, Zig Ziglar's Little Book of Big Quotes
“Success is one thing you can't pay for.  You buy it on the installment plan and make payments every day.”  – Zig Ziglar, Zig Ziglar's Little Book of Big Quotes
“You don't "pay the price" for success you enjoy the benefits of success.”  – Zig Ziglar, Zig Ziglar's Little Book of Big Quotes
“If you will pump long enough, hard enough, and enthusiastically enough, sooner or later the effort will bring forth the reward.”  – Zig Ziglar, Zig Ziglar's Little Book of Big Quotes
“Selling is essentially a transference of feeling.”  – Zig Ziglar, Zig Ziglar's Little Book of Big Quotes
“Remember there is plenty of room at the top but not enough to sit down.”  – Zig Ziglar, Zig Ziglar's Little Book of Big Quotes
“The only way to coast is down hill.”  – Zig Ziglar, Zig Ziglar's Little Book of Big Quotes
“When we clearly understand that there is no superior sex or superior race, we will have opened the door of communication and laid the foundation for building winning relationships with all people in this global world of ours.”  – Zig Ziglar, Zig Ziglar's Little Book of Big Quotes
“When management and labor (employer and employee) both understand they are all on the same side, then each will prosper more”  – Zig Ziglar, Zig Ziglar's Little Book of Big Quotes
“The price of success is much lower than the price of failure.”  – Zig Ziglar, Zig Ziglar's Little Book of Big Quotes
“Too many people spend more time planning how to get the job than on how to become productive and successful in that job.”  – Zig Ziglar, Zig Ziglar's Little Book of Big Quotes
“Don't be distracted by criticism.  Remember the only taste of success some people have is when they take a bite out of you.”  – Zig Ziglar, Zig Ziglar's Little Book of Big Quotes
“You are what you are and where you are because of what has gone into your mind.  You can change what you are and where you are by changing what goes into your mind.”  – Zig Ziglar, Zig Ziglar's Little Book of Big Quotes
“Before you change your thinking, you have to change what goes into your mind.”  – Zig Ziglar, Zig Ziglar's Little Book of Big Quotes
“It's not what you know, it's what you use that make a difference.”  – Zig Ziglar, Zig Ziglar's Little Book of Big Quotes
“The greatest single cause of a poor self-image is the absence of unconditional love.”  – Zig Ziglar, Zig Ziglar's Little Book of Big Quotes
“When your image improves, your performance improves.”  – Zig Ziglar, Zig Ziglar's Little Book of Big Quotes
“You were born to win, but to be the winner you were born to be you must plan to win and prepare to win.  Then and only then can you legitimately expect to win.”  – Zig Ziglar, Zig Ziglar's Little Book of Big Quotes
“Man was designed for accomplishment, engineered for success, and endowed with the seeds of greatness.”  – Zig Ziglar, Zig Ziglar's Little Book of Big Quotes
“Far too many people have no idea of what they can do because all they have been told is what they can't do.  They don't know what they want because they don't know what's available for them.”  – Zig Ziglar, Zig Ziglar's Little Book of Big Quotes
“Some people find fault like there is a reward for it.”  – Zig Ziglar, Zig Ziglar's Little Book of Big Quotes
“If you don't like who you are and where you are, don't worry about it because you're not stuck either with who you are or where you are.  You can grow. You can change.  You can be more than you are.”  – Zig Ziglar, Zig Ziglar's Little Book of Big Quotes
“You can get everything money will buy without a lick of character, but you can't get any of the thins money won't buy-happiness, joy, peace of mind, winning relationships, etc., without character.”  – Zig Ziglar, Zig Ziglar's Little Book of Big Quotes
“What comes out of your mouth is determined by what goes into your mind.”  – Zig Ziglar, Zig Ziglar's Little Book of Big Quotes
“When we do more than we are paid to do, eventually we will be paid more for what we do.”  – Zig Ziglar, Zig Ziglar's Little Book of Big Quotes
“When I discipline myself to eat properly, live morally, exercise regularly, grow mentally and spiritually, and not put any drugs or alcohol in my body, I have given myself the freedom to be at my best, perform at my best, and reap all the rewards that go along with it.”  – Zig Ziglar, Zig Ziglar's Little Book of Big Quotes
“With integrity you have nothing to fear, since you have nothing to hide.  With integrity you will do the right thing, so you will have no guilt.  With fear and guilt removed you are free to be and do your best.”  – Zig Ziglar, Zig Ziglar's Little Book of Big Quotes
“When you exercise your freedom to express yourself at the lowest level, you ultimately condemn yourself to live at that level.”  – Zig Ziglar, Zig Ziglar's Little Book of Big Quotes
“You build a successful career, regardless of your field of endeavor, by the dozens of little things you do on and off the job.”  – Zig Ziglar, Zig Ziglar's Little Book of Big Quotes
“What you do off the job is the determining factor in how far you will go on the job.”  – Zig Ziglar, Zig Ziglar's Little Book of Big Quotes
“When a company or an individual compromise one time, whether it's on price or principle, the next compromise is right around the corner.”  – Zig Ziglar, Zig Ziglar's Little Book of Big Quotes
