“Keep your thinking right and your business will be right.”  – Zig Ziglar, Zig Ziglar's Little Book of Big Quotes
“The quality of a person's life is in direct proportion to his or her commitment to excellence, regardless of his or her chosen field of endeavor.”  – Zig Ziglar, Zig Ziglar's Little Book of Big Quotes
“Ability can take you to the top, but it takes character to keep you there.”  – Zig Ziglar, Zig Ziglar's Little Book of Big Quotes
“If people like you they'll listen to you, but if they trust you they'll do business with you.”  – Zig Ziglar, Zig Ziglar's Little Book of Big Quotes
“If a standard of living is your major objective, quality of life almost never improves, but if quality of life is your number one objective, your standard of living almost always improves.”  – Zig Ziglar, Zig Ziglar's Little Book of Big Quotes
“The door to a balanced success opens widest on the hinges of hope and encouragement.”  – Zig Ziglar, Zig Ziglar's Little Book of Big Quotes
“Character get you out of bed; commitment moves you to action. Faith, hope, and discipline enable you to follow through to completion.”  – Zig Ziglar, Zig Ziglar's Little Book of Big Quotes
“You cannot solve a problem until you acknowledge that you have one and accept responsibility for solving it.”  – Zig Ziglar, Zig Ziglar's Little Book of Big Quotes
“There are seldom, if ever, any hopeless situations, but there are many people who lose hope in the face of some situations.”  – Zig Ziglar, Zig Ziglar's Little Book of Big Quotes
“Failure is an event, not a person. Yesterday ended last night.”  – Zig Ziglar, Zig Ziglar's Little Book of Big Quotes
“When you put faith, hope and love together you can raise positive kids in a negative world.”  – Zig Ziglar, Zig Ziglar's Little Book of Big Quotes
“Our children are our only hope for the future, but we are their only hope for the present and their future.”  – Zig Ziglar, Zig Ziglar's Little Book of Big Quotes
“Be helpful.  When you see a person without a smile, give him yours.”  – Zig Ziglar, Zig Ziglar's Little Book of Big Quotes
“The chief cause of failure and unhappiness is trading what you want most for what you want now.”  – Zig Ziglar, Zig Ziglar's Little Book of Big Quotes
“Most of us would be upset if we were accused of being "silly." But the word "silly" comes from the old English word "selig," and its literal definition is "to be blessed, happy, healhy and prosperous."”  – Zig Ziglar, Zig Ziglar's Little Book of Big Quotes
“I'm so optimistic I'd go after Moby Dick in a row boat and take the tartar sauce with me.”  – Zig Ziglar, Zig Ziglar's Little Book of Big Quotes
“Remember, you can earn more money, but when time is spent it is gone forever.”  – Zig Ziglar, Zig Ziglar's Little Book of Big Quotes
“When you give a man a dole you deny him his dignity, and when you deny him his dignity you rob him of his destiny.”  – Zig Ziglar, Zig Ziglar's Little Book of Big Quotes
“You don't drown by falling in water; you only drown if you stay there.”  – Zig Ziglar, Zig Ziglar's Little Book of Big Quotes
“Most x-rated films are advertised as "adult entertainment," for "mature adults," when in reality they are juvenile entertainment for immature and insecure people.”  – Zig Ziglar, Zig Ziglar's Little Book of Big Quotes
“Money will buy you  a bed, but not a good night's sleep, a house but not a home, a companion but not a friend.”  – Zig Ziglar, Zig Ziglar's Little Book of Big Quotes
“All of us perform better and more willingly when we know why we're doing what we have been told or asked to do.”  – Zig Ziglar, Zig Ziglar's Little Book of Big Quotes
“You've got to be before you can do, and do before you can have.”  – Zig Ziglar, Zig Ziglar's Little Book of Big Quotes
“The best way to make your spouse and children feel secure is not with big deposits in bank accounts, but with little deposits of thoughtfulness and affection in the "love account."”  – Zig Ziglar, Zig Ziglar's Little Book of Big Quotes
“You can't finish school, and even make it easy-but you never finish your education and it is seldom easy.”  – Zig Ziglar, Zig Ziglar's Little Book of Big Quotes
“Lack of direction, not lack of time, is the problem.  We all have twenty-four hours days.”  – Zig Ziglar, Zig Ziglar's Little Book of Big Quotes
“There's not a lot you can do about the national economy but there is a lot you can do about your personal economy.”  – Zig Ziglar, Zig Ziglar's Little Book of Big Quotes
“It's not the situation, but whether we react (negative) or respond (positive) to the situation that's important.”  – Zig Ziglar, Zig Ziglar's Little Book of Big Quotes
“Duty makes us do things well, but love makes us do them beautifully.”  – Zig Ziglar, Zig Ziglar's Little Book of Big Quotes
“Kids go where there is excitement. They stay where there is love.”  – Zig Ziglar, Zig Ziglar's Little Book of Big Quotes
“The more you express gratitude for what you have the more you will have to express gratitude for.”  – Zig Ziglar, Zig Ziglar's Little Book of Big Quotes
“Many marriages would be better if the husband and wife clearly understood they were on the same side.”  – Zig Ziglar, Zig Ziglar's Little Book of Big Quotes
“Everybody says they want to be free.  Take the train off the tracks and it's free-but it can't anywhere.”  – Zig Ziglar, Zig Ziglar's Little Book of Big Quotes
“If you're sincere, praise is effective. If you're insincere, it's manipulative.”  – Zig Ziglar, Zig Ziglar's Little Book of Big Quotes
“Other people and things can stop you temporarily. You're the only one who can do it permanently.”  – Zig Ziglar, Zig Ziglar's Little Book of Big Quotes
“Your mate doesn't live by bread alone; he or she needs to be "buttered up" from time to time.”  – Zig Ziglar, Zig Ziglar's Little Book of Big Quotes
“The best thing a parent can do for a child is to love his or her spouse.”  – Zig Ziglar, Zig Ziglar's Little Book of Big Quotes
“Take time to be quiet”  – Zig Ziglar, Zig Ziglar's Little Book of Big Quotes
“When someone we love is having difficulty and is giving us a bad time, it's better to explore the cause than to criticize the action.”  – Zig Ziglar, Zig Ziglar's Little Book of Big Quotes
“You will make a lousy anybody else, but you will be the best "you" in existence.”  – Zig Ziglar, Zig Ziglar's Little Book of Big Quotes
“The best way to raise positive children in a negative world is to have positive parents who love them unconditionally and serve as excellent role models.”  – Zig Ziglar, Zig Ziglar's Little Book of Big Quotes
“You cannot make it as a wandering generality. You must become a meaningful specific.”  – Zig Ziglar, Zig Ziglar's Little Book of Big Quotes
“Your already have every characteristic necessary for success if you recognize, claim develop and use them.”  – Zig Ziglar, Zig Ziglar's Little Book of Big Quotes
“Start your child's day with love and encouragement and end the day the same way.”  – Zig Ziglar, Zig Ziglar's Little Book of Big Quotes
“To respond is positive, to react is negative.”  – Zig Ziglar, Zig Ziglar's Little Book of Big Quotes
“I've got to say "no" to the good so I can say "yes" to the best.”  – Zig Ziglar, Zig Ziglar's Little Book of Big Quotes
“You can disagree without being disagreeable.”  – Zig Ziglar, Zig Ziglar's Little Book of Big Quotes
“When you choose to be pleasant and positive in the way you treat others, you have also chosen, in most cases, how you are going to be treated by others.”  – Zig Ziglar, Zig Ziglar's Little Book of Big Quotes
“Of all the "attitudes" we can acquire, surely the attitude of gratitude is the most important and by far the most life-changing.”  – Zig Ziglar, Zig Ziglar's Little Book of Big Quotes
“You cannot tailor make the situations in life, but you can tailor make the attitudes to fit those situation before they arise.”  – Zig Ziglar, Zig Ziglar's Little Book of Big Quotes
