“It's not what happens to you that determines how far you will go in life; it is how you handle what happens to you.”  – Zig Ziglar, Zig Ziglar's Little Book of Big Quotes
“We all need a daily check up from the neck up to avoid stinkin' thinkin' which ultimately leads to hardening of the attitudes.”  – Zig Ziglar, Zig Ziglar's Little Book of Big Quotes
“Positive thinking won't let you do anything but it will let you do everything better than negative thinking will.”  – Zig Ziglar, Zig Ziglar's Little Book of Big Quotes
“Positive thinking will let you use the abilities, training and experience you have.”  – Zig Ziglar, Zig Ziglar's Little Book of Big Quotes
“Obviously, there is little you can learn from doing nothing.”  – Zig Ziglar
“If we don't start, it's certain we can't arrive.”  – Zig Ziglar, Zig Ziglar's Little Book of Big Quotes
“Ambition, fueled by compassion, wisdom and integrity, is a powerful force for good that will turn the wheels of industry and open the doors of opportunity for you and countless others.”  – Zig Ziglar, Zig Ziglar's Little Book of Big Quotes
“You are the only one who can use your ability.  It is an awesome responsibility.”  – Zig Ziglar, Zig Ziglar's Little Book of Big Quotes
“The basic goal-reaching principle is to understand that you go as far as you can see, and when you get there you will always be able to see farther.”  – Zig Ziglar, Zig Ziglar's Little Book of Big Quotes
“Motivation gets you going and habit gets you there.  Make motivation a habit and you will get there more quickly and have more fun on the trip”  – Zig Ziglar, Zig Ziglar's Little Book of Big Quotes
“What you get by reaching your destination is not nearly as important as what you will become by reaching your destination.”  – Zig Ziglar, Zig Ziglar's Little Book of Big Quotes
“Discipline yourself to do the things you need to do when you need to do them, and the day will come when you will be able to do the things you want to do when you want to do them!”  – Zig Ziglar, Zig Ziglar's Little Book of Big Quotes
“Motivation is the fuel necessary to keep the human engine running.”  – Zig Ziglar, Zig Ziglar's Little Book of Big Quotes
“The most practical, beautiful, workable philosophy in the world won't work-if you won't.”  – Zig Ziglar, Zig Ziglar's Little Book of Big Quotes
“Success is not a destination, it's a journey.”  – Zig Ziglar, Zig Ziglar's Little Book of Big Quotes
“It is easy to get to the top after you get though the crowd at the bottom”  – Zig Ziglar, Zig Ziglar's Little Book of Big Quotes
“The real opportunity for success lies within the person and not in the job.”  – Zig Ziglar, Zig Ziglar's Little Book of Big Quotes
“Your Business is never really good or bad "out there." Your business is either good or bad right between your own two ears.”  – Zig Ziglar, Zig Ziglar's Little Book of Big Quotes
“Inch by inch, life is a cinch!”  – Doug Westmoreland
“Hello friend!”  – Dwight Lamb
“Optimism is the faith that leads to achievement. Nothing can be done without hope and confidence.”  – Helen Keller
“Making the simple complicated is commonplace; making the complicated simple, awesomely simple — that’s creativity.”  – Charles Mingus
“Out of intense complexities, intense simplicities emerge.”  – Winston Churchill
“Nothing is more simple than greatness; indeed, to be simple is to be great.”  – Ralph Waldo Emerson
“Everything should be made as simple as possible, but not simpler.  – Albert Einstein
“4 And when ye shall receive these things, I would exhort you that ye would ask God, the Eternal Father, in the name of Christ, if these things are not true; and if ye shall ask with a sincere heart, with real intent, having faith in Christ, he will manifest the truth of it unto you, by the power of the Holy Ghost.  – Moroni 10:4-5
“45 And charity suffereth long, and is kind, and envieth not, and is not puffed up, seeketh not her own, is not easily provoked, thinketh no evil, and rejoiceth not in iniquity but rejoiceth in the truth, beareth all things, believeth all things, hopeth all things, endureth all things.”  – Moroni 7:45
“16 For behold, the Spirit of Christ is given to every man, that he may know good from evil; wherefore, I show unto you the way to judge; for every thing which inviteth to do good, and to persuade to believe in Christ, is sent forth by the power and gift of Christ; wherefore ye may know with a perfect knowledge it is of God.  – Moroni 7:16-17
“27 And if men come unto me I will show unto them their weakness. I give unto men weakness that they may be humble; and my grace is sufficient for all men that humble themselves before me; for if they humble themselves before me, and have faith in me, then will I make weak things become strong unto them.”  – Ether 12:27
“6 And now, I, Moroni, would speak somewhat concerning these things; I would show unto the world that faith is things which are hoped for and not seen; wherefore, dispute not because ye see not, for ye receive no witness until after the trial of your faith.”  – Ether 12:6
“27 And know ye that ye shall be judges of this people, according to the judgment which I shall give unto you, which shall be just. Therefore, what manner of men ought ye to be? Verily I say unto you, even as I am.”  – 3 Nephi 27:27
“29 For verily, verily I say unto you, he that hath the spirit of contention is not of me, but is of the devil, who is the father of contention, and he stirreth up the hearts of men to contend with anger, one with another.”  – 3 Nephi 11:29
“12 And now, my sons, remember, remember that it is upon the rock of our Redeemer, who is Christ, the Son of God, that ye must build your foundation; that when the devil shall send forth his mighty winds, yea, his shafts in the whirlwind, yea, when all his hail and his mighty storm shall beat upon you, it shall have no power over you to drag you down to the gulf of misery and endless wo, because of the rock upon which ye are built, which is a sure foundation, a foundation whereon if men build they cannot fall.”  – Helaman 5:12
“10 Do not suppose, because it has been spoken concerning restoration, that ye shall be restored from sin to happiness. Behold, I say unto you, wickedness never was happiness.”  – Alma 41:10
“35 O, remember, my son, and learn wisdom in thy youth; yea, learn in thy youth to keep the commandments of God.”  – Alma 37:35
“6 Now ye may suppose that this is foolishness in me; but behold I say unto you, that by small and simple things are great things brought to pass; and small means in many instances doth confound the wise.  – Alma 37:6-7
“32 For behold, this life is the time for men to prepare to meet God; yea, behold the day of this life is the day for men to perform their labors.  – Alma 34:32-34
“21 And now as I said concerning faith--faith is not to have a perfect knowledge of things; therefore if ye have faith ye hope for things which are not seen, which are true.”  – Alma 32:21
“30 But this much I can tell you, that if ye do not watch yourselves, and your thoughts, and your words, and your deeds, and observe the commandments of God, and continue in the faith of what ye have heard concerning the coming of our Lord, even unto the end of your lives, ye must perish. And now, O man, remember, and perish not.”  – Mosiah 4:30
“19 For the natural man is an enemy to God, and has been from the fall of Adam, and will be, forever and ever, unless he yields to the enticings of the Holy Spirit, and putteth off the natural man and becometh a saint through the atonement of Christ the Lord, and becometh as a child, submissive, meek, humble, patient, full of love, willing to submit to all things which the Lord seeth fit to inflict upon him, even as a child doth submit to his father.”  – Mosiah 3:19
“17 And behold, I tell you these things that ye may learn wisdom; that ye may learn that when ye are in the service of your fellow beings ye are only in the service of your God.”  – Mosiah 2:17
“18 But before ye seek for riches, seek ye for the kingdom of God.  – Jacob 2:18-19
“8 And now, my beloved brethren, I perceive that ye ponder still in your hearts; and it grieveth me that I must speak concerning this thing. For if ye would hearken unto the Spirit which teacheth a man to pray ye would know that ye must pray; for the evil spirit teacheth not a man to pray, but teacheth him that he must not pray.  – 2 Nephi 32:8-9
“3 Angels speak by the power of the Holy Ghost; wherefore, they speak the words of Christ. Wherefore, I said unto you, feast upon the words of Christ; for behold, the words of Christ will tell you all things what ye should do.”  – 2 Nephi 32:3
“7 Yea, and there shall be many which shall say: Eat, drink, and be merry, for tomorrow we die; and it shall be well with us.  – 2 Nephi 28:7-9
“28 O that cunning plan of the evil one! O the vainness, and the frailties, and the foolishness of men! When they are learned they think they are wise, and they hearken not unto the counsel of God, for they set it aside, supposing they know of themselves, wherefore, their wisdom is foolishness and it profiteth them not. And they shall perish.  – 2 Nephi 9:28-29
“27 Wherefore, men are free according to the flesh; and all things are given them which are expedient unto man. And they are free to choose liberty and eternal life, through the great Mediator of all men, or to choose captivity and death, according to the captivity and power of the devil; for he seeketh that all men might be miserable like unto himself.”  – 2 Nephi 2:27
“25 Adam fell that men might be; and men are, that they might have joy.”  – 2 Nephi 2:25
“23 And I did read many things unto them which were written in the books of Moses; but that I might more fully persuade them to believe in the Lord their Redeemer I did read unto them that which was written by the prophet Isaiah; for I did liken all scriptures unto us, that it might be for our profit and learning.”  – 1 Nephi 19:23
“7 And it came to pass that I, Nephi, said unto my father: I will go and do the things which the Lord hath commanded, for I know that the Lord giveth no commandments unto the children of men, save he shall prepare a way for them that they may accomplish the thing which he commandeth them.”  – 1 Nephi 3:7
